

Processing HomeController#index (for 192.168.0.10 at 2010-03-05 13:04:20) [GET]
Rendering home/index
Completed in 10ms (View: 8, DB: 0) | 200 OK [http://0.0.0.0/home/index]


Processing HomeController#index (for 192.168.0.10 at 2010-03-05 13:05:41) [GET]
Rendering home/index
Completed in 2ms (View: 1, DB: 0) | 200 OK [http://0.0.0.0/home/index]


Processing HomeController#index (for 192.168.0.10 at 2010-03-05 13:05:44) [GET]
Rendering home/index
Completed in 2ms (View: 1, DB: 0) | 200 OK [http://0.0.0.0/]


Processing HomeController#index (for 192.168.0.10 at 2010-03-05 13:05:46) [GET]
Rendering home/index
Completed in 2ms (View: 1, DB: 0) | 200 OK [http://0.0.0.0/]
  [4;36;1mSQL (0.3ms)[0m   [0;1m SELECT name
 FROM sqlite_master
 WHERE type = 'table' AND NOT name = 'sqlite_sequence'
[0m
  [4;35;1mSQL (0.1ms)[0m   [0mselect sqlite_version(*)[0m
  [4;36;1mSQL (4.0ms)[0m   [0;1mCREATE TABLE "schema_migrations" ("version" varchar(255) NOT NULL) [0m
  [4;35;1mSQL (40.1ms)[0m   [0mCREATE UNIQUE INDEX "unique_schema_migrations" ON "schema_migrations" ("version")[0m
  [4;36;1mSQL (0.3ms)[0m   [0;1m SELECT name
 FROM sqlite_master
 WHERE type = 'table' AND NOT name = 'sqlite_sequence'
[0m
  [4;35;1mSQL (0.1ms)[0m   [0mSELECT version FROM schema_migrations[0m
Migrating to CreateRsses (20100305124055)
  [4;36;1mSQL (0.5ms)[0m   [0;1m SELECT name
 FROM sqlite_master
 WHERE type = 'table' AND NOT name = 'sqlite_sequence'
[0m
  [4;35;1mSQL (0.1ms)[0m   [0mSELECT version FROM schema_migrations[0m
Migrating to CreateRsses (20100305124055)
  [4;36;1mSQL (0.1ms)[0m   [0;1mselect sqlite_version(*)[0m
  [4;36;1mSQL (0.4ms)[0m   [0;1m SELECT name
 FROM sqlite_master
 WHERE type = 'table' AND NOT name = 'sqlite_sequence'
[0m
  [4;35;1mSQL (0.2ms)[0m   [0mselect sqlite_version(*)[0m
  [4;36;1mSQL (0.2ms)[0m   [0;1m SELECT name
 FROM sqlite_master
 WHERE type = 'table' AND NOT name = 'sqlite_sequence'
[0m
  [4;35;1mSQL (0.1ms)[0m   [0mSELECT version FROM schema_migrations[0m
  [4;36;1mSQL (0.2ms)[0m   [0;1m SELECT name
 FROM sqlite_master
 WHERE type = 'table' AND NOT name = 'sqlite_sequence'
[0m
  [4;36;1mSQL (0.4ms)[0m   [0;1m SELECT name
 FROM sqlite_master
 WHERE type = 'table' AND NOT name = 'sqlite_sequence'
[0m
  [4;35;1mSQL (0.2ms)[0m   [0mselect sqlite_version(*)[0m
  [4;36;1mSQL (0.2ms)[0m   [0;1m SELECT name
 FROM sqlite_master
 WHERE type = 'table' AND NOT name = 'sqlite_sequence'
[0m
  [4;35;1mSQL (0.1ms)[0m   [0mSELECT version FROM schema_migrations[0m
  [4;36;1mSQL (0.1ms)[0m   [0;1m SELECT name
 FROM sqlite_master
 WHERE type = 'table' AND NOT name = 'sqlite_sequence'
[0m
  [4;36;1mSQL (0.4ms)[0m   [0;1m SELECT name
 FROM sqlite_master
 WHERE type = 'table' AND NOT name = 'sqlite_sequence'
[0m
  [4;35;1mSQL (0.2ms)[0m   [0mselect sqlite_version(*)[0m
  [4;36;1mSQL (0.2ms)[0m   [0;1m SELECT name
 FROM sqlite_master
 WHERE type = 'table' AND NOT name = 'sqlite_sequence'
[0m
  [4;35;1mSQL (0.1ms)[0m   [0mSELECT version FROM schema_migrations[0m
  [4;36;1mSQL (0.1ms)[0m   [0;1m SELECT name
 FROM sqlite_master
 WHERE type = 'table' AND NOT name = 'sqlite_sequence'
[0m


Processing HomeController#index (for 192.168.0.10 at 2010-03-05 14:01:39) [GET]
Rendering home/index
Completed in 3ms (View: 1, DB: 0) | 200 OK [http://0.0.0.0/]


Processing ApplicationController#index (for 192.168.0.10 at 2010-03-05 14:01:44) [GET]

ActionController::RoutingError (No route matches "/rsslist" with {:method=>:get}):
  

Rendering rescues/layout (not_found)


Processing RsslistsController#index (for 192.168.0.10 at 2010-03-05 14:02:44) [GET]

NameError (uninitialized constant RsslistsController::Rsslist):
  app/controllers/rsslists_controller.rb:3:in `index'

Rendered rescues/_trace (40.9ms)
Rendered rescues/_request_and_response (1.4ms)
Rendering rescues/layout (internal_server_error)


Processing RsslistsController#index (for 192.168.0.10 at 2010-03-05 14:03:27) [GET]

NameError (uninitialized constant RsslistsController::Rsslist):
  app/controllers/rsslists_controller.rb:3:in `index'

Rendered rescues/_trace (111.0ms)
Rendered rescues/_request_and_response (1.4ms)
Rendering rescues/layout (internal_server_error)


Processing RsslistsController#index (for 192.168.0.10 at 2010-03-05 14:05:05) [GET]

NameError (uninitialized constant RsslistsController::Rsslist):
  app/controllers/rsslists_controller.rb:5:in `index'

Rendered rescues/_trace (39.1ms)
Rendered rescues/_request_and_response (0.8ms)
Rendering rescues/layout (internal_server_error)


Processing RsslistsController#index (for 192.168.0.10 at 2010-03-05 14:06:52) [GET]

NameError (uninitialized constant RsslistsController::Rsslist):
  app/controllers/rsslists_controller.rb:5:in `index'

Rendered rescues/_trace (41.8ms)
Rendered rescues/_request_and_response (0.3ms)
Rendering rescues/layout (internal_server_error)


Processing RsslistsController#index (for 192.168.0.10 at 2010-03-05 14:07:01) [GET]

NameError (uninitialized constant RsslistsController::Rsslist):
  app/controllers/rsslists_controller.rb:5:in `index'

Rendered rescues/_trace (113.6ms)
Rendered rescues/_request_and_response (1.4ms)
Rendering rescues/layout (internal_server_error)


Processing RsslistsController#index (for 192.168.0.10 at 2010-03-05 14:07:18) [GET]

NameError (uninitialized constant RsslistsController::Rsslist):
  app/controllers/rsslists_controller.rb:5:in `index'

Rendered rescues/_trace (40.2ms)
Rendered rescues/_request_and_response (0.3ms)
Rendering rescues/layout (internal_server_error)
  [4;36;1mSQL (0.4ms)[0m   [0;1m SELECT name
 FROM sqlite_master
 WHERE type = 'table' AND NOT name = 'sqlite_sequence'
[0m
  [4;35;1mSQL (0.2ms)[0m   [0mselect sqlite_version(*)[0m
  [4;36;1mSQL (0.2ms)[0m   [0;1m SELECT name
 FROM sqlite_master
 WHERE type = 'table' AND NOT name = 'sqlite_sequence'
[0m
  [4;35;1mSQL (0.1ms)[0m   [0mSELECT version FROM schema_migrations[0m
  [4;36;1mSQL (0.1ms)[0m   [0;1m SELECT name
 FROM sqlite_master
 WHERE type = 'table' AND NOT name = 'sqlite_sequence'
[0m
  [4;36;1mSQL (0.5ms)[0m   [0;1m SELECT name
 FROM sqlite_master
 WHERE type = 'table' AND NOT name = 'sqlite_sequence'
[0m
  [4;35;1mSQL (0.1ms)[0m   [0mSELECT version FROM schema_migrations[0m
Migrating to CreateRsslists (20100305130921)
  [4;36;1mSQL (0.1ms)[0m   [0;1mselect sqlite_version(*)[0m
  [4;35;1mSQL (0.6ms)[0m   [0mCREATE TABLE "rsslists" ("id" INTEGER PRIMARY KEY AUTOINCREMENT NOT NULL, "name" varchar(255), "adress" varchar(255), "created_at" datetime, "updated_at" datetime) [0m
  [4;36;1mSQL (0.1ms)[0m   [0;1mINSERT INTO schema_migrations (version) VALUES ('20100305130921')[0m
  [4;35;1mSQL (0.4ms)[0m   [0m SELECT name
 FROM sqlite_master
 WHERE type = 'table' AND NOT name = 'sqlite_sequence'
[0m
  [4;36;1mSQL (0.1ms)[0m   [0;1mSELECT version FROM schema_migrations[0m
  [4;35;1mSQL (0.2ms)[0m   [0m SELECT name
 FROM sqlite_master
 WHERE type = 'table' AND NOT name = 'sqlite_sequence'
[0m
  [4;36;1mSQL (0.0ms)[0m   [0;1mPRAGMA index_list("rsslists")[0m


Processing RsslistsController#index (for 192.168.0.10 at 2010-03-05 14:10:03) [GET]
  [4;36;1mRsslist Load (0.4ms)[0m   [0;1mSELECT * FROM "rsslists" [0m
Rendering template within layouts/rsslists
Rendering rsslists/index
Completed in 35ms (View: 30, DB: 0) | 200 OK [http://0.0.0.0/rsslists]


Processing RsslistsController#new (for 192.168.0.10 at 2010-03-05 14:15:04) [GET]
Rendering template within layouts/rsslists
Rendering rsslists/new
Completed in 89ms (View: 10, DB: 0) | 200 OK [http://0.0.0.0/rsslists/new]


Processing RsslistsController#create (for 192.168.0.10 at 2010-03-05 14:15:21) [POST]
  Parameters: {"commit"=>"Create", "authenticity_token"=>"K2EZ9D5i/t4yUZ1hUDFU1Enl7sC7iO8hrlCDmGE5xdk=", "rsslist"=>{"name"=>"EzTV", "adress"=>"une adresse"}}
  [4;35;1mRsslist Create (0.5ms)[0m   [0mINSERT INTO "rsslists" ("name", "created_at", "updated_at", "adress") VALUES('EzTV', '2010-03-05 13:15:21', '2010-03-05 13:15:21', 'une adresse')[0m
Redirected to http://0.0.0.0:3001/rsslists/1
Completed in 11ms (DB: 1) | 302 Found [http://0.0.0.0/rsslists]


Processing RsslistsController#show (for 192.168.0.10 at 2010-03-05 14:15:21) [GET]
  Parameters: {"id"=>"1"}
  [4;36;1mRsslist Load (0.2ms)[0m   [0;1mSELECT * FROM "rsslists" WHERE ("rsslists"."id" = 1) [0m
Rendering template within layouts/rsslists
Rendering rsslists/show
Completed in 13ms (View: 7, DB: 0) | 200 OK [http://0.0.0.0/rsslists/1]


Processing RsslistsController#index (for 192.168.0.10 at 2010-03-05 14:15:23) [GET]
  [4;35;1mRsslist Load (0.6ms)[0m   [0mSELECT * FROM "rsslists" [0m
Rendering template within layouts/rsslists
Rendering rsslists/index
Completed in 12ms (View: 7, DB: 1) | 200 OK [http://0.0.0.0/rsslists]
  [4;36;1mSQL (0.5ms)[0m   [0;1m SELECT name
 FROM sqlite_master
 WHERE type = 'table' AND NOT name = 'sqlite_sequence'
[0m
  [4;35;1mSQL (0.2ms)[0m   [0mSELECT version FROM schema_migrations[0m
Migrating to CreateRsslists (20100305130921)
Migrating to CreateFilterlists (20100305132144)
  [4;36;1mSQL (0.1ms)[0m   [0;1mselect sqlite_version(*)[0m
  [4;35;1mSQL (0.6ms)[0m   [0mCREATE TABLE "filterlists" ("id" INTEGER PRIMARY KEY AUTOINCREMENT NOT NULL, "name" varchar(255), "regexp" varchar(255), "ep" integer, "created_at" datetime, "updated_at" datetime) [0m
  [4;36;1mSQL (0.1ms)[0m   [0;1mINSERT INTO schema_migrations (version) VALUES ('20100305132144')[0m
  [4;35;1mSQL (0.4ms)[0m   [0m SELECT name
 FROM sqlite_master
 WHERE type = 'table' AND NOT name = 'sqlite_sequence'
[0m
  [4;36;1mSQL (0.2ms)[0m   [0;1mSELECT version FROM schema_migrations[0m
  [4;35;1mSQL (0.2ms)[0m   [0m SELECT name
 FROM sqlite_master
 WHERE type = 'table' AND NOT name = 'sqlite_sequence'
[0m
  [4;36;1mSQL (0.0ms)[0m   [0;1mPRAGMA index_list("filterlists")[0m
  [4;35;1mSQL (0.1ms)[0m   [0mPRAGMA index_list("rsslists")[0m


Processing ApplicationController#index (for 192.168.0.10 at 2010-03-05 14:23:06) [GET]

ActionController::RoutingError (No route matches "/filterlist" with {:method=>:get}):
  

Rendering rescues/layout (not_found)


Processing FilterlistsController#index (for 192.168.0.10 at 2010-03-05 14:23:08) [GET]
  [4;36;1mFilterlist Load (0.4ms)[0m   [0;1mSELECT * FROM "filterlists" [0m
Rendering template within layouts/filterlists
Rendering filterlists/index
Completed in 19ms (View: 14, DB: 0) | 200 OK [http://0.0.0.0/filterlists]


Processing FilterlistsController#new (for 192.168.0.10 at 2010-03-05 14:23:12) [GET]
Rendering template within layouts/filterlists
Rendering filterlists/new
Completed in 89ms (View: 10, DB: 0) | 200 OK [http://0.0.0.0/filterlists/new]


Processing FilterlistsController#create (for 192.168.0.10 at 2010-03-05 14:23:26) [POST]
  Parameters: {"commit"=>"Create", "authenticity_token"=>"K2EZ9D5i/t4yUZ1hUDFU1Enl7sC7iO8hrlCDmGE5xdk=", "filterlist"=>{"ep"=>"15", "regexp"=>"house[^w].*6[^0-9]*x", "name"=>"House"}}
  [4;35;1mFilterlist Create (0.8ms)[0m   [0mINSERT INTO "filterlists" ("name", "regexp", "ep", "created_at", "updated_at") VALUES('House', 'house[^w].*6[^0-9]*x', 15, '2010-03-05 13:23:26', '2010-03-05 13:23:26')[0m
Redirected to http://0.0.0.0:3001/filterlists/1
Completed in 12ms (DB: 1) | 302 Found [http://0.0.0.0/filterlists]


Processing FilterlistsController#show (for 192.168.0.10 at 2010-03-05 14:23:26) [GET]
  Parameters: {"id"=>"1"}
  [4;36;1mFilterlist Load (0.2ms)[0m   [0;1mSELECT * FROM "filterlists" WHERE ("filterlists"."id" = 1) [0m
Rendering template within layouts/filterlists
Rendering filterlists/show
Completed in 13ms (View: 8, DB: 0) | 200 OK [http://0.0.0.0/filterlists/1]


Processing FilterlistsController#index (for 192.168.0.10 at 2010-03-05 14:23:29) [GET]
  [4;35;1mFilterlist Load (0.6ms)[0m   [0mSELECT * FROM "filterlists" [0m
Rendering template within layouts/filterlists
Rendering filterlists/index
Completed in 12ms (View: 7, DB: 1) | 200 OK [http://0.0.0.0/filterlists]


Processing HomeController#index (for 192.168.0.10 at 2010-03-05 14:58:15) [GET]
Rendering home/index
Completed in 9ms (View: 8, DB: 0) | 200 OK [http://0.0.0.0/]


Processing FilterlistsController#index (for 192.168.0.10 at 2010-03-05 15:05:17) [GET]
  [4;36;1mFilterlist Load (0.6ms)[0m   [0;1mSELECT * FROM "filterlists" [0m
Rendering template within layouts/filterlists
Rendering filterlists/index
Completed in 15ms (View: 10, DB: 1) | 200 OK [http://0.0.0.0/filterlists]


Processing HomeController#index (for 192.168.0.10 at 2010-03-05 15:05:24) [GET]
Rendering template within layouts/application
Rendering home/index
Completed in 22ms (View: 21, DB: 0) | 200 OK [http://0.0.0.0/]


Processing ApplicationController#index (for 192.168.0.10 at 2010-03-05 15:05:24) [GET]

ActionController::RoutingError (No route matches "/images/thor.png" with {:method=>:get}):
  

Rendering rescues/layout (not_found)


Processing ApplicationController#index (for 192.168.0.10 at 2010-03-05 15:05:24) [GET]

ActionController::RoutingError (No route matches "/stylesheets/style.css" with {:method=>:get}):
  

Rendering rescues/layout (not_found)


Processing FilterlistsController#index (for 192.168.0.10 at 2010-03-05 15:05:28) [GET]
  [4;35;1mFilterlist Load (0.6ms)[0m   [0mSELECT * FROM "filterlists" [0m
Rendering template within layouts/filterlists
Rendering filterlists/index
Completed in 12ms (View: 7, DB: 1) | 200 OK [http://0.0.0.0/filterlists]


Processing RsslistsController#index (for 192.168.0.10 at 2010-03-05 15:05:39) [GET]
  [4;36;1mRsslist Load (0.5ms)[0m   [0;1mSELECT * FROM "rsslists" [0m
Rendering template within layouts/rsslists
Rendering rsslists/index
Completed in 12ms (View: 7, DB: 1) | 200 OK [http://0.0.0.0/rsslists]


Processing FilterlistsController#index (for 192.168.0.10 at 2010-03-05 15:05:42) [GET]
  [4;35;1mFilterlist Load (0.6ms)[0m   [0mSELECT * FROM "filterlists" [0m
Rendering template within layouts/filterlists
Rendering filterlists/index
Completed in 12ms (View: 7, DB: 1) | 200 OK [http://0.0.0.0/filterlists]


Processing ApplicationController#index (for 192.168.0.10 at 2010-03-05 15:05:44) [GET]

ActionController::RoutingError (No route matches "/Distorrent" with {:method=>:get}):
  

Rendering rescues/layout (not_found)


Processing ApplicationController#index (for 192.168.0.10 at 2010-03-05 15:05:46) [GET]

ActionController::RoutingError (No route matches "/Distorrent/scan" with {:method=>:get}):
  

Rendering rescues/layout (not_found)


Processing RsslistsController#index (for 192.168.0.10 at 2010-03-05 15:06:03) [GET]
  [4;36;1mRsslist Load (0.5ms)[0m   [0;1mSELECT * FROM "rsslists" [0m
Rendering template within layouts/rsslists
Rendering rsslists/index
Completed in 11ms (View: 6, DB: 1) | 200 OK [http://0.0.0.0/rsslists]


Processing RsslistsController#index (for 192.168.0.10 at 2010-03-05 15:07:37) [GET]
  [4;35;1mRsslist Load (0.5ms)[0m   [0mSELECT * FROM "rsslists" [0m
Rendering template within layouts/application
Rendering rsslists/index
Completed in 11ms (View: 6, DB: 1) | 200 OK [http://0.0.0.0/rsslists]


Processing ApplicationController#index (for 192.168.0.10 at 2010-03-05 15:07:37) [GET]

ActionController::RoutingError (No route matches "/images/thor.png" with {:method=>:get}):
  

Rendering rescues/layout (not_found)


Processing ApplicationController#index (for 192.168.0.10 at 2010-03-05 15:07:37) [GET]

ActionController::RoutingError (No route matches "/stylesheets/style.css" with {:method=>:get}):
  

Rendering rescues/layout (not_found)


Processing RsslistsController#index (for 192.168.0.10 at 2010-03-05 15:08:08) [GET]
  [4;36;1mRsslist Load (0.5ms)[0m   [0;1mSELECT * FROM "rsslists" [0m
Rendering template within layouts/application
Rendering rsslists/index
Completed in 12ms (View: 6, DB: 1) | 200 OK [http://0.0.0.0/rsslists]


Processing ApplicationController#index (for 192.168.0.10 at 2010-03-05 15:08:08) [GET]

ActionController::RoutingError (No route matches "/images/thor.png" with {:method=>:get}):
  

Rendering rescues/layout (not_found)


Processing RsslistsController#index (for 192.168.0.10 at 2010-03-05 15:08:14) [GET]
  [4;35;1mRsslist Load (0.5ms)[0m   [0mSELECT * FROM "rsslists" [0m
Rendering template within layouts/application
Rendering rsslists/index
Completed in 12ms (View: 7, DB: 1) | 200 OK [http://0.0.0.0/rsslists]


Processing ApplicationController#index (for 192.168.0.10 at 2010-03-05 15:08:14) [GET]

ActionController::RoutingError (No route matches "/images/thor.png" with {:method=>:get}):
  

Rendering rescues/layout (not_found)


Processing FilterlistsController#index (for 192.168.0.10 at 2010-03-05 15:08:14) [GET]
  [4;36;1mFilterlist Load (0.6ms)[0m   [0;1mSELECT * FROM "filterlists" [0m
Rendering template within layouts/application
Rendering filterlists/index
Completed in 12ms (View: 7, DB: 1) | 200 OK [http://0.0.0.0/filterlists]


Processing ApplicationController#index (for 192.168.0.10 at 2010-03-05 15:08:14) [GET]

ActionController::RoutingError (No route matches "/images/thor.png" with {:method=>:get}):
  

Rendering rescues/layout (not_found)


Processing ApplicationController#index (for 192.168.0.10 at 2010-03-05 15:08:16) [GET]

ActionController::RoutingError (No route matches "/Distorrent" with {:method=>:get}):
  

Rendering rescues/layout (not_found)


Processing ApplicationController#index (for 192.168.0.10 at 2010-03-05 15:08:19) [GET]

ActionController::RoutingError (No route matches "/Distorrent/scan" with {:method=>:get}):
  

Rendering rescues/layout (not_found)


Processing RsslistsController#index (for 192.168.0.10 at 2010-03-05 15:08:22) [GET]
  [4;35;1mRsslist Load (0.5ms)[0m   [0mSELECT * FROM "rsslists" [0m
Rendering template within layouts/application
Rendering rsslists/index
Completed in 11ms (View: 7, DB: 1) | 200 OK [http://0.0.0.0/rsslists]


Processing ApplicationController#index (for 192.168.0.10 at 2010-03-05 15:08:22) [GET]

ActionController::RoutingError (No route matches "/images/thor.png" with {:method=>:get}):
  

Rendering rescues/layout (not_found)


Processing FilterlistsController#index (for 192.168.0.10 at 2010-03-05 15:08:23) [GET]
  [4;36;1mFilterlist Load (0.7ms)[0m   [0;1mSELECT * FROM "filterlists" [0m
Rendering template within layouts/application
Rendering filterlists/index
Completed in 12ms (View: 7, DB: 1) | 200 OK [http://0.0.0.0/filterlists]


Processing ApplicationController#index (for 192.168.0.10 at 2010-03-05 15:08:23) [GET]

ActionController::RoutingError (No route matches "/images/thor.png" with {:method=>:get}):
  

Rendering rescues/layout (not_found)


Processing RsslistsController#index (for 192.168.0.10 at 2010-03-05 15:08:24) [GET]
  [4;35;1mRsslist Load (0.6ms)[0m   [0mSELECT * FROM "rsslists" [0m
Rendering template within layouts/application
Rendering rsslists/index
Completed in 11ms (View: 6, DB: 1) | 200 OK [http://0.0.0.0/rsslists]


Processing ApplicationController#index (for 192.168.0.10 at 2010-03-05 15:08:24) [GET]

ActionController::RoutingError (No route matches "/images/thor.png" with {:method=>:get}):
  

Rendering rescues/layout (not_found)


Processing FilterlistsController#index (for 192.168.0.10 at 2010-03-05 15:08:25) [GET]
  [4;36;1mFilterlist Load (0.5ms)[0m   [0;1mSELECT * FROM "filterlists" [0m
Rendering template within layouts/application
Rendering filterlists/index
Completed in 12ms (View: 7, DB: 1) | 200 OK [http://0.0.0.0/filterlists]


Processing ApplicationController#index (for 192.168.0.10 at 2010-03-05 15:08:25) [GET]

ActionController::RoutingError (No route matches "/images/thor.png" with {:method=>:get}):
  

Rendering rescues/layout (not_found)


Processing ApplicationController#index (for 192.168.0.10 at 2010-03-05 15:08:26) [GET]

ActionController::RoutingError (No route matches "/Distorrent" with {:method=>:get}):
  

Rendering rescues/layout (not_found)


Processing HomeController#index (for 192.168.0.10 at 2010-03-05 15:09:03) [GET]
Rendering template within layouts/application
Rendering home/index
Completed in 3ms (View: 1, DB: 0) | 200 OK [http://0.0.0.0/]


Processing ApplicationController#index (for 192.168.0.10 at 2010-03-05 15:09:03) [GET]

ActionController::RoutingError (No route matches "/images/thor.png" with {:method=>:get}):
  

Rendering rescues/layout (not_found)


Processing HomeController#index (for 192.168.0.10 at 2010-03-05 15:09:40) [GET]
Rendering template within layouts/application
Rendering home/index
Completed in 3ms (View: 1, DB: 0) | 200 OK [http://0.0.0.0/]


Processing HomeController#index (for 192.168.0.10 at 2010-03-05 15:17:08) [GET]
Rendering template within layouts/application
Rendering home/index
Completed in 6ms (View: 4, DB: 0) | 200 OK [http://0.0.0.0/]


Processing ApplicationController#index (for 192.168.0.10 at 2010-03-05 15:17:10) [GET]

ActionController::RoutingError (No route matches "/Distorrent/scan" with {:method=>:get}):
  

Rendering rescues/layout (not_found)


Processing ApplicationController#index (for 192.168.0.10 at 2010-03-05 15:17:55) [GET]

ActionController::RoutingError (No route matches "/Distorrent/scan" with {:method=>:get}):
  

Rendering rescues/layout (not_found)


Processing ApplicationController#index (for 192.168.0.10 at 2010-03-05 15:19:51) [GET]

ActionController::RoutingError (No route matches "/Distorrent/scan" with {:method=>:get}):
  

Rendering rescues/layout (not_found)


Processing HomeController#index (for 192.168.0.10 at 2010-03-05 15:19:54) [GET]
Rendering template within layouts/application
Rendering home/index
Completed in 7ms (View: 6, DB: 0) | 200 OK [http://0.0.0.0/]


Processing HomeController#scan (for 192.168.0.10 at 2010-03-05 15:19:55) [GET]
Rendering template within layouts/application
Rendering home/scan

ActionView::TemplateError (You have a nil object when you didn't expect it!
You might have expected an instance of Array.
The error occurred while evaluating nil.each) on line #5 of app/views/home/scan.html.erb:
2: 
3: scan effectué :
4: <%=h @nbrss %> rss.
5: <% @result.each {|b| %>
6: <p><%=h b %></p>
7: <% } %>

    app/views/home/scan.html.erb:5

Rendered rescues/_trace (46.9ms)
Rendered rescues/_request_and_response (0.3ms)
Rendering rescues/layout (internal_server_error)


Processing ApplicationController#scan (for 192.168.0.10 at 2010-03-05 15:21:47) [GET]

LoadError (Expected /Users/albanavenant/Documents/Programmation/ruby/Distorrent/DisThorrent/app/controllers/home_controller.rb to define HomeController):
  

Rendered rescues/_trace (34.3ms)
Rendered rescues/_request_and_response (0.3ms)
Rendering rescues/layout (internal_server_error)


Processing HomeController#scan (for 192.168.0.10 at 2010-03-05 15:22:31) [GET]
  [4;35;1mRsslist Load (0.6ms)[0m   [0mSELECT * FROM "rsslists" [0m
  [4;36;1mFilterlist Load (0.3ms)[0m   [0;1mSELECT * FROM "filterlists" [0m

NoMethodError (undefined method `url' for #<Rsslist:0x1042a36b8>):
  app/controllers/home_controller.rb:10:in `scan'
  app/controllers/home_controller.rb:10:in `each'
  app/controllers/home_controller.rb:10:in `scan'

Rendered rescues/_trace (39.4ms)
Rendered rescues/_request_and_response (0.3ms)
Rendering rescues/layout (internal_server_error)


Processing HomeController#scan (for 192.168.0.10 at 2010-03-05 15:24:32) [GET]
  [4;35;1mRsslist Load (0.6ms)[0m   [0mSELECT * FROM "rsslists" [0m
  [4;36;1mFilterlist Load (0.3ms)[0m   [0;1mSELECT * FROM "filterlists" [0m

Errno::ENOENT (No such file or directory - temprss/1.xml):
  app/controllers/home_controller.rb:11:in `initialize'
  app/controllers/home_controller.rb:11:in `open'
  app/controllers/home_controller.rb:11:in `scan'
  app/controllers/home_controller.rb:10:in `each'
  app/controllers/home_controller.rb:10:in `scan'

Rendered rescues/_trace (40.3ms)
Rendered rescues/_request_and_response (0.3ms)
Rendering rescues/layout (internal_server_error)


Processing HomeController#scan (for 192.168.0.10 at 2010-03-05 15:26:12) [GET]
  [4;35;1mRsslist Load (0.5ms)[0m   [0mSELECT * FROM "rsslists" [0m
  [4;36;1mFilterlist Load (0.3ms)[0m   [0;1mSELECT * FROM "filterlists" [0m

Errno::ENOENT (No such file or directory - tmp/rss/1.xml):
  app/controllers/home_controller.rb:11:in `initialize'
  app/controllers/home_controller.rb:11:in `open'
  app/controllers/home_controller.rb:11:in `scan'
  app/controllers/home_controller.rb:10:in `each'
  app/controllers/home_controller.rb:10:in `scan'

Rendered rescues/_trace (39.6ms)
Rendered rescues/_request_and_response (0.3ms)
Rendering rescues/layout (internal_server_error)


Processing HomeController#scan (for 192.168.0.10 at 2010-03-05 15:27:12) [GET]
  [4;35;1mRsslist Load (0.6ms)[0m   [0mSELECT * FROM "rsslists" [0m
  [4;36;1mFilterlist Load (0.3ms)[0m   [0;1mSELECT * FROM "filterlists" [0m

ArgumentError (wrong number of arguments (1 for 0)):
  app/controllers/home_controller.rb:10:in `to_s'
  app/controllers/home_controller.rb:10:in `scan'
  app/controllers/home_controller.rb:10:in `each'
  app/controllers/home_controller.rb:10:in `scan'

Rendered rescues/_trace (39.2ms)
Rendered rescues/_request_and_response (0.6ms)
Rendering rescues/layout (internal_server_error)


Processing HomeController#scan (for 192.168.0.10 at 2010-03-05 15:27:50) [GET]
  [4;35;1mRsslist Load (0.6ms)[0m   [0mSELECT * FROM "rsslists" [0m
  [4;36;1mFilterlist Load (0.3ms)[0m   [0;1mSELECT * FROM "filterlists" [0m

ArgumentError (wrong number of arguments (1 for 0)):
  app/controllers/home_controller.rb:11:in `to_s'
  app/controllers/home_controller.rb:11:in `scan'
  app/controllers/home_controller.rb:11:in `each'
  app/controllers/home_controller.rb:11:in `scan'

Rendered rescues/_trace (40.3ms)
Rendered rescues/_request_and_response (0.3ms)
Rendering rescues/layout (internal_server_error)


Processing HomeController#scan (for 192.168.0.10 at 2010-03-05 15:29:16) [GET]
  [4;35;1mRsslist Load (0.6ms)[0m   [0mSELECT * FROM "rsslists" [0m
  [4;36;1mFilterlist Load (0.3ms)[0m   [0;1mSELECT * FROM "filterlists" [0m

Errno::ENOENT (No such file or directory - tmp/rss/1.xml):
  app/controllers/home_controller.rb:11:in `initialize'
  app/controllers/home_controller.rb:11:in `open'
  app/controllers/home_controller.rb:11:in `scan'
  app/controllers/home_controller.rb:10:in `each'
  app/controllers/home_controller.rb:10:in `scan'

Rendered rescues/_trace (134.1ms)
Rendered rescues/_request_and_response (0.3ms)
Rendering rescues/layout (internal_server_error)


Processing RsslistsController#index (for 192.168.0.10 at 2010-03-05 15:29:32) [GET]
  [4;35;1mRsslist Load (0.5ms)[0m   [0mSELECT * FROM "rsslists" [0m
Rendering template within layouts/application
Rendering rsslists/index
Completed in 44ms (View: 39, DB: 1) | 200 OK [http://0.0.0.0/rsslists]


Processing RsslistsController#edit (for 192.168.0.10 at 2010-03-05 15:29:34) [GET]
  Parameters: {"id"=>"1"}
  [4;36;1mRsslist Load (0.2ms)[0m   [0;1mSELECT * FROM "rsslists" WHERE ("rsslists"."id" = 1) [0m
Rendering template within layouts/application
Rendering rsslists/edit
Completed in 16ms (View: 10, DB: 0) | 200 OK [http://0.0.0.0/rsslists/1/edit]


Processing RsslistsController#images to png (for 192.168.0.10 at 2010-03-05 15:29:34) [GET]
  Parameters: {"id"=>"thor"}

ActionController::UnknownAction (No action responded to images. Actions: create, destroy, edit, index, new, show, and update):
  

Rendering rescues/layout (not_found)


Processing RsslistsController#update (for 192.168.0.10 at 2010-03-05 15:29:49) [PUT]
  Parameters: {"commit"=>"Update", "authenticity_token"=>"K2EZ9D5i/t4yUZ1hUDFU1Enl7sC7iO8hrlCDmGE5xdk=", "id"=>"1", "rsslist"=>{"name"=>"EzTV", "adress"=>"http://google.fr"}}
  [4;35;1mRsslist Load (0.2ms)[0m   [0mSELECT * FROM "rsslists" WHERE ("rsslists"."id" = 1) [0m
  [4;36;1mRsslist Update (0.7ms)[0m   [0;1mUPDATE "rsslists" SET "updated_at" = '2010-03-05 14:29:49', "adress" = 'http://google.fr' WHERE "id" = 1[0m
Redirected to http://0.0.0.0:3001/rsslists/1
Completed in 12ms (DB: 1) | 302 Found [http://0.0.0.0/rsslists/1]


Processing RsslistsController#show (for 192.168.0.10 at 2010-03-05 15:29:49) [GET]
  Parameters: {"id"=>"1"}
  [4;35;1mRsslist Load (0.2ms)[0m   [0mSELECT * FROM "rsslists" WHERE ("rsslists"."id" = 1) [0m
Rendering template within layouts/application
Rendering rsslists/show
Completed in 9ms (View: 3, DB: 0) | 200 OK [http://0.0.0.0/rsslists/1]


Processing HomeController#scan (for 192.168.0.10 at 2010-03-05 15:29:51) [GET]
  [4;36;1mRsslist Load (0.5ms)[0m   [0;1mSELECT * FROM "rsslists" [0m
  [4;35;1mFilterlist Load (0.3ms)[0m   [0mSELECT * FROM "filterlists" [0m

LibXML::XML::Error (Fatal error: Extra content at the end of the document at :1.):
  /Library/Ruby/Gems/1.8/gems/xml-object-0.9.92/lib/xml-object/adapters/libxml.rb:9:in `parse'
  /Library/Ruby/Gems/1.8/gems/xml-object-0.9.92/lib/xml-object/adapters/libxml.rb:9:in `new'
  /Library/Ruby/Gems/1.8/gems/xml-object-0.9.92/lib/xml-object.rb:15:in `new'
  app/distorrent/parsexml.rb:14:in `initialize'
  app/controllers/home_controller.rb:11:in `new'
  app/controllers/home_controller.rb:11:in `scan'
  app/controllers/home_controller.rb:10:in `each'
  app/controllers/home_controller.rb:10:in `scan'

Rendered rescues/_trace (44.2ms)
Rendered rescues/_request_and_response (0.3ms)
Rendering rescues/layout (internal_server_error)


Processing ApplicationController#scan (for 192.168.0.10 at 2010-03-05 15:31:33) [GET]

SyntaxError (/Users/albanavenant/Documents/Programmation/ruby/Distorrent/DisThorrent/app/controllers/home_controller.rb:10: syntax error, unexpected tIDENTIFIER, expecting '}'
...rss.each {|a| puts "uaie" puts Dl::down2(a.adress.to_s,"tmp/...
                              ^):
  

Rendered rescues/_trace (35.6ms)
Rendered rescues/_request_and_response (0.3ms)
Rendering rescues/layout (internal_server_error)


Processing HomeController#scan (for 192.168.0.10 at 2010-03-05 15:32:56) [GET]
  [4;36;1mRsslist Load (0.6ms)[0m   [0;1mSELECT * FROM "rsslists" [0m
  [4;35;1mFilterlist Load (0.3ms)[0m   [0mSELECT * FROM "filterlists" [0m

LibXML::XML::Error (Fatal error: Extra content at the end of the document at :1.):
  /Library/Ruby/Gems/1.8/gems/xml-object-0.9.92/lib/xml-object/adapters/libxml.rb:9:in `parse'
  /Library/Ruby/Gems/1.8/gems/xml-object-0.9.92/lib/xml-object/adapters/libxml.rb:9:in `new'
  /Library/Ruby/Gems/1.8/gems/xml-object-0.9.92/lib/xml-object.rb:15:in `new'
  app/distorrent/parsexml.rb:14:in `initialize'
  app/controllers/home_controller.rb:12:in `new'
  app/controllers/home_controller.rb:12:in `scan'
  app/controllers/home_controller.rb:11:in `each'
  app/controllers/home_controller.rb:11:in `scan'

Rendered rescues/_trace (46.0ms)
Rendered rescues/_request_and_response (0.3ms)
Rendering rescues/layout (internal_server_error)


Processing RsslistsController#index (for 192.168.0.10 at 2010-03-05 15:36:14) [GET]
  [4;36;1mRsslist Load (0.5ms)[0m   [0;1mSELECT * FROM "rsslists" [0m
Rendering template within layouts/application
Rendering rsslists/index
Completed in 12ms (View: 7, DB: 1) | 200 OK [http://0.0.0.0/rsslists]


Processing RsslistsController#edit (for 192.168.0.10 at 2010-03-05 15:36:15) [GET]
  Parameters: {"id"=>"1"}
  [4;35;1mRsslist Load (0.3ms)[0m   [0mSELECT * FROM "rsslists" WHERE ("rsslists"."id" = 1) [0m
Rendering template within layouts/application
Rendering rsslists/edit
Completed in 12ms (View: 6, DB: 0) | 200 OK [http://0.0.0.0/rsslists/1/edit]


Processing RsslistsController#images to png (for 192.168.0.10 at 2010-03-05 15:36:16) [GET]
  Parameters: {"id"=>"thor"}

ActionController::UnknownAction (No action responded to images. Actions: create, destroy, edit, index, new, show, and update):
  

Rendering rescues/layout (not_found)


Processing RsslistsController#update (for 192.168.0.10 at 2010-03-05 15:36:19) [PUT]
  Parameters: {"commit"=>"Update", "authenticity_token"=>"K2EZ9D5i/t4yUZ1hUDFU1Enl7sC7iO8hrlCDmGE5xdk=", "id"=>"1", "rsslist"=>{"name"=>"EzTV", "adress"=>"http://google"}}
  [4;36;1mRsslist Load (0.3ms)[0m   [0;1mSELECT * FROM "rsslists" WHERE ("rsslists"."id" = 1) [0m
  [4;35;1mRsslist Update (0.3ms)[0m   [0mUPDATE "rsslists" SET "updated_at" = '2010-03-05 14:36:19', "adress" = 'http://google' WHERE "id" = 1[0m
Redirected to http://0.0.0.0:3001/rsslists/1
Completed in 12ms (DB: 1) | 302 Found [http://0.0.0.0/rsslists/1]


Processing RsslistsController#show (for 192.168.0.10 at 2010-03-05 15:36:19) [GET]
  Parameters: {"id"=>"1"}
  [4;36;1mRsslist Load (0.2ms)[0m   [0;1mSELECT * FROM "rsslists" WHERE ("rsslists"."id" = 1) [0m
Rendering template within layouts/application
Rendering rsslists/show
Completed in 9ms (View: 3, DB: 0) | 200 OK [http://0.0.0.0/rsslists/1]


Processing HomeController#scan (for 192.168.0.10 at 2010-03-05 15:36:22) [GET]
  [4;35;1mRsslist Load (0.7ms)[0m   [0mSELECT * FROM "rsslists" [0m
  [4;36;1mFilterlist Load (0.4ms)[0m   [0;1mSELECT * FROM "filterlists" [0m

LibXML::XML::Error (Fatal error: Extra content at the end of the document at :1.):
  /Library/Ruby/Gems/1.8/gems/xml-object-0.9.92/lib/xml-object/adapters/libxml.rb:9:in `parse'
  /Library/Ruby/Gems/1.8/gems/xml-object-0.9.92/lib/xml-object/adapters/libxml.rb:9:in `new'
  /Library/Ruby/Gems/1.8/gems/xml-object-0.9.92/lib/xml-object.rb:15:in `new'
  app/distorrent/parsexml.rb:14:in `initialize'
  app/controllers/home_controller.rb:12:in `new'
  app/controllers/home_controller.rb:12:in `scan'
  app/controllers/home_controller.rb:10:in `each'
  app/controllers/home_controller.rb:10:in `scan'

Rendered rescues/_trace (45.4ms)
Rendered rescues/_request_and_response (0.4ms)
Rendering rescues/layout (internal_server_error)


Processing HomeController#scan (for 192.168.0.10 at 2010-03-05 15:36:34) [GET]
  [4;35;1mRsslist Load (0.6ms)[0m   [0mSELECT * FROM "rsslists" [0m
  [4;36;1mFilterlist Load (0.3ms)[0m   [0;1mSELECT * FROM "filterlists" [0m

Errno::ENOENT (No such file or directory - tmp/rss/1.xml):
  app/controllers/home_controller.rb:12:in `initialize'
  app/controllers/home_controller.rb:12:in `open'
  app/controllers/home_controller.rb:12:in `scan'
  app/controllers/home_controller.rb:10:in `each'
  app/controllers/home_controller.rb:10:in `scan'

Rendered rescues/_trace (122.7ms)
Rendered rescues/_request_and_response (0.3ms)
Rendering rescues/layout (internal_server_error)


Processing HomeController#scan (for 192.168.0.10 at 2010-03-05 16:00:18) [GET]
  [4;35;1mRsslist Load (0.6ms)[0m   [0mSELECT * FROM "rsslists" [0m
  [4;36;1mFilterlist Load (0.3ms)[0m   [0;1mSELECT * FROM "filterlists" [0m

Errno::ENOENT (No such file or directory - tmp/rss/1.xml):
  app/controllers/home_controller.rb:16:in `initialize'
  app/controllers/home_controller.rb:16:in `open'
  app/controllers/home_controller.rb:16:in `scan'
  app/controllers/home_controller.rb:10:in `each'
  app/controllers/home_controller.rb:10:in `scan'

Rendered rescues/_trace (43.9ms)
Rendered rescues/_request_and_response (0.4ms)
Rendering rescues/layout (internal_server_error)


Processing HomeController#scan (for 192.168.0.10 at 2010-03-05 16:02:32) [GET]
  [4;35;1mRsslist Load (0.5ms)[0m   [0mSELECT * FROM "rsslists" [0m
  [4;36;1mFilterlist Load (0.3ms)[0m   [0;1mSELECT * FROM "filterlists" [0m

Errno::ENOENT (No such file or directory - tmp/rss/1.xml):
  app/controllers/home_controller.rb:16:in `initialize'
  app/controllers/home_controller.rb:16:in `open'
  app/controllers/home_controller.rb:16:in `scan'
  app/controllers/home_controller.rb:10:in `each'
  app/controllers/home_controller.rb:10:in `scan'

Rendered rescues/_trace (136.1ms)
Rendered rescues/_request_and_response (0.4ms)
Rendering rescues/layout (internal_server_error)


Processing HomeController#scan (for 192.168.0.10 at 2010-03-05 16:02:38) [GET]
  [4;35;1mRsslist Load (0.5ms)[0m   [0mSELECT * FROM "rsslists" [0m
  [4;36;1mFilterlist Load (0.3ms)[0m   [0;1mSELECT * FROM "filterlists" [0m

Errno::ENOENT (No such file or directory - tmp/rss/1.xml):
  app/controllers/home_controller.rb:16:in `initialize'
  app/controllers/home_controller.rb:16:in `open'
  app/controllers/home_controller.rb:16:in `scan'
  app/controllers/home_controller.rb:10:in `each'
  app/controllers/home_controller.rb:10:in `scan'

Rendered rescues/_trace (50.3ms)
Rendered rescues/_request_and_response (0.3ms)
Rendering rescues/layout (internal_server_error)


Processing HomeController#scan (for 192.168.0.10 at 2010-03-05 16:04:41) [GET]
  [4;36;1mRsslist Load (0.6ms)[0m   [0;1mSELECT * FROM "rsslists" [0m
  [4;35;1mFilterlist Load (0.3ms)[0m   [0mSELECT * FROM "filterlists" [0m

Errno::ENOENT (No such file or directory - tmp/rss/1.xml):
  app/controllers/home_controller.rb:16:in `initialize'
  app/controllers/home_controller.rb:16:in `open'
  app/controllers/home_controller.rb:16:in `scan'
  app/controllers/home_controller.rb:10:in `each'
  app/controllers/home_controller.rb:10:in `scan'

Rendered rescues/_trace (43.2ms)
Rendered rescues/_request_and_response (1.4ms)
Rendering rescues/layout (internal_server_error)


Processing HomeController#scan (for 192.168.0.10 at 2010-03-05 16:07:11) [GET]
  [4;36;1mRsslist Load (0.6ms)[0m   [0;1mSELECT * FROM "rsslists" [0m
  [4;35;1mFilterlist Load (0.3ms)[0m   [0mSELECT * FROM "filterlists" [0m
Rendering template within layouts/application
Rendering home/scan
Completed in 165ms (View: 65, DB: 1) | 200 OK [http://0.0.0.0/home/scan]


Processing RsslistsController#index (for 192.168.0.10 at 2010-03-05 16:07:24) [GET]
  [4;36;1mRsslist Load (0.6ms)[0m   [0;1mSELECT * FROM "rsslists" [0m
Rendering template within layouts/application
Rendering rsslists/index
Completed in 67ms (View: 61, DB: 1) | 200 OK [http://0.0.0.0/rsslists]


Processing RsslistsController#edit (for 192.168.0.10 at 2010-03-05 16:07:26) [GET]
  Parameters: {"id"=>"1"}
  [4;35;1mRsslist Load (0.2ms)[0m   [0mSELECT * FROM "rsslists" WHERE ("rsslists"."id" = 1) [0m
Rendering template within layouts/application
Rendering rsslists/edit
Completed in 17ms (View: 12, DB: 0) | 200 OK [http://0.0.0.0/rsslists/1/edit]


Processing RsslistsController#images to png (for 192.168.0.10 at 2010-03-05 16:07:26) [GET]
  Parameters: {"id"=>"thor"}

ActionController::UnknownAction (No action responded to images. Actions: create, destroy, edit, index, new, show, and update):
  

Rendering rescues/layout (not_found)


Processing RsslistsController#update (for 192.168.0.10 at 2010-03-05 16:07:40) [PUT]
  Parameters: {"commit"=>"Update", "authenticity_token"=>"K2EZ9D5i/t4yUZ1hUDFU1Enl7sC7iO8hrlCDmGE5xdk=", "id"=>"1", "rsslist"=>{"name"=>"EzTV", "adress"=>"http://google.fr"}}
  [4;36;1mRsslist Load (0.2ms)[0m   [0;1mSELECT * FROM "rsslists" WHERE ("rsslists"."id" = 1) [0m
  [4;35;1mRsslist Update (0.5ms)[0m   [0mUPDATE "rsslists" SET "updated_at" = '2010-03-05 15:07:40', "adress" = 'http://google.fr' WHERE "id" = 1[0m
Redirected to http://0.0.0.0:3001/rsslists/1
Completed in 15ms (DB: 1) | 302 Found [http://0.0.0.0/rsslists/1]


Processing RsslistsController#show (for 192.168.0.10 at 2010-03-05 16:07:40) [GET]
  Parameters: {"id"=>"1"}
  [4;36;1mRsslist Load (0.3ms)[0m   [0;1mSELECT * FROM "rsslists" WHERE ("rsslists"."id" = 1) [0m
Rendering template within layouts/application
Rendering rsslists/show
Completed in 96ms (View: 7, DB: 0) | 200 OK [http://0.0.0.0/rsslists/1]


Processing HomeController#scan (for 192.168.0.10 at 2010-03-05 16:07:42) [GET]
  [4;35;1mRsslist Load (0.5ms)[0m   [0mSELECT * FROM "rsslists" [0m
  [4;36;1mFilterlist Load (0.3ms)[0m   [0;1mSELECT * FROM "filterlists" [0m

LibXML::XML::Error (Fatal error: Extra content at the end of the document at :1.):
  /Library/Ruby/Gems/1.8/gems/xml-object-0.9.92/lib/xml-object/adapters/libxml.rb:9:in `parse'
  /Library/Ruby/Gems/1.8/gems/xml-object-0.9.92/lib/xml-object/adapters/libxml.rb:9:in `new'
  /Library/Ruby/Gems/1.8/gems/xml-object-0.9.92/lib/xml-object.rb:15:in `new'
  app/distorrent/parsexml.rb:14:in `initialize'
  app/controllers/home_controller.rb:16:in `new'
  app/controllers/home_controller.rb:16:in `scan'
  app/controllers/home_controller.rb:10:in `each'
  app/controllers/home_controller.rb:10:in `scan'

Rendered rescues/_trace (44.5ms)
Rendered rescues/_request_and_response (0.3ms)
Rendering rescues/layout (internal_server_error)


Processing HomeController#scan (for 192.168.0.10 at 2010-03-05 16:12:03) [GET]
  [4;35;1mRsslist Load (0.5ms)[0m   [0mSELECT * FROM "rsslists" [0m
  [4;36;1mFilterlist Load (0.2ms)[0m   [0;1mSELECT * FROM "filterlists" [0m

LibXML::XML::Error (Fatal error: Extra content at the end of the document at :1.):
  /Library/Ruby/Gems/1.8/gems/xml-object-0.9.92/lib/xml-object/adapters/libxml.rb:9:in `parse'
  /Library/Ruby/Gems/1.8/gems/xml-object-0.9.92/lib/xml-object/adapters/libxml.rb:9:in `new'
  /Library/Ruby/Gems/1.8/gems/xml-object-0.9.92/lib/xml-object.rb:15:in `new'
  app/distorrent/parsexml.rb:14:in `initialize'
  app/controllers/home_controller.rb:16:in `new'
  app/controllers/home_controller.rb:16:in `scan'
  app/controllers/home_controller.rb:10:in `each'
  app/controllers/home_controller.rb:10:in `scan'

Rendered rescues/_trace (137.6ms)
Rendered rescues/_request_and_response (0.3ms)
Rendering rescues/layout (internal_server_error)


Processing RsslistsController#index (for 192.168.0.10 at 2010-03-05 16:14:03) [GET]
  [4;36;1mRsslist Load (0.6ms)[0m   [0;1mSELECT * FROM "rsslists" [0m
Rendering template within layouts/application
Rendering rsslists/index
Completed in 36ms (View: 30, DB: 1) | 200 OK [http://0.0.0.0/rsslists]


Processing FilterlistsController#index (for 192.168.0.10 at 2010-03-05 16:14:05) [GET]
  [4;35;1mFilterlist Load (0.6ms)[0m   [0mSELECT * FROM "filterlists" [0m
Rendering template within layouts/application
Rendering filterlists/index
Completed in 28ms (View: 23, DB: 1) | 200 OK [http://0.0.0.0/filterlists]


Processing FilterlistsController#index (for 192.168.0.10 at 2010-03-05 16:14:06) [GET]
  [4;36;1mFilterlist Load (0.6ms)[0m   [0;1mSELECT * FROM "filterlists" [0m
Rendering template within layouts/application
Rendering filterlists/index
Completed in 12ms (View: 7, DB: 1) | 200 OK [http://0.0.0.0/filterlists]


Processing RsslistsController#index (for 192.168.0.10 at 2010-03-05 16:14:06) [GET]
  [4;35;1mRsslist Load (0.5ms)[0m   [0mSELECT * FROM "rsslists" [0m
Rendering template within layouts/application
Rendering rsslists/index
Completed in 12ms (View: 6, DB: 1) | 200 OK [http://0.0.0.0/rsslists]


Processing HomeController#scan (for 192.168.0.10 at 2010-03-05 16:14:09) [GET]
  [4;36;1mRsslist Load (0.5ms)[0m   [0;1mSELECT * FROM "rsslists" [0m
  [4;35;1mFilterlist Load (0.3ms)[0m   [0mSELECT * FROM "filterlists" [0m

NoMethodError (undefined method `channel' for nil:NilClass):
  app/distorrent/parsexml.rb:10:in `total'
  app/controllers/home_controller.rb:17:in `scan'
  app/controllers/home_controller.rb:10:in `each'
  app/controllers/home_controller.rb:10:in `scan'

Rendered rescues/_trace (44.7ms)
Rendered rescues/_request_and_response (1.4ms)
Rendering rescues/layout (internal_server_error)


Processing HomeController#scan (for 192.168.0.10 at 2010-03-05 16:17:50) [GET]
  [4;36;1mRsslist Load (0.5ms)[0m   [0;1mSELECT * FROM "rsslists" [0m
  [4;35;1mFilterlist Load (0.3ms)[0m   [0mSELECT * FROM "filterlists" [0m

NoMethodError (undefined method `channel' for nil:NilClass):
  app/distorrent/parsexml.rb:10:in `total'
  app/controllers/home_controller.rb:17:in `scan'
  app/controllers/home_controller.rb:10:in `each'
  app/controllers/home_controller.rb:10:in `scan'

Rendered rescues/_trace (129.8ms)
Rendered rescues/_request_and_response (0.3ms)
Rendering rescues/layout (internal_server_error)


Processing HomeController#scan (for 192.168.0.10 at 2010-03-05 16:18:43) [GET]
  [4;36;1mRsslist Load (0.5ms)[0m   [0;1mSELECT * FROM "rsslists" [0m
  [4;35;1mFilterlist Load (0.3ms)[0m   [0mSELECT * FROM "filterlists" [0m

NoMethodError (undefined method `channel' for nil:NilClass):
  app/distorrent/parsexml.rb:10:in `total'
  app/controllers/home_controller.rb:17:in `scan'
  app/controllers/home_controller.rb:10:in `each'
  app/controllers/home_controller.rb:10:in `scan'

Rendered rescues/_trace (43.0ms)
Rendered rescues/_request_and_response (0.4ms)
Rendering rescues/layout (internal_server_error)


Processing HomeController#scan (for 192.168.0.10 at 2010-03-05 16:21:41) [GET]
  [4;36;1mRsslist Load (0.6ms)[0m   [0;1mSELECT * FROM "rsslists" [0m
  [4;35;1mFilterlist Load (0.3ms)[0m   [0mSELECT * FROM "filterlists" [0m

NoMethodError (undefined method `channel' for nil:NilClass):
  app/distorrent/parsexml.rb:10:in `total'
  app/controllers/home_controller.rb:17:in `scan'
  app/controllers/home_controller.rb:10:in `each'
  app/controllers/home_controller.rb:10:in `scan'

Rendered rescues/_trace (126.8ms)
Rendered rescues/_request_and_response (0.3ms)
Rendering rescues/layout (internal_server_error)


Processing HomeController#scan (for 192.168.0.10 at 2010-03-05 16:21:58) [GET]
  [4;36;1mRsslist Load (0.7ms)[0m   [0;1mSELECT * FROM "rsslists" [0m
  [4;35;1mFilterlist Load (0.3ms)[0m   [0mSELECT * FROM "filterlists" [0m

NoMethodError (You have a nil object when you didn't expect it!
You might have expected an instance of Array.
The error occurred while evaluating nil.-):
  app/controllers/home_controller.rb:17:in `scan'
  app/controllers/home_controller.rb:10:in `each'
  app/controllers/home_controller.rb:10:in `scan'

Rendered rescues/_trace (42.5ms)
Rendered rescues/_request_and_response (1.4ms)
Rendering rescues/layout (internal_server_error)


Processing HomeController#scan (for 192.168.0.10 at 2010-03-05 16:25:11) [GET]
  [4;36;1mRsslist Load (0.6ms)[0m   [0;1mSELECT * FROM "rsslists" [0m
  [4;35;1mFilterlist Load (0.3ms)[0m   [0mSELECT * FROM "filterlists" [0m

NoMethodError (You have a nil object when you didn't expect it!
You might have expected an instance of Array.
The error occurred while evaluating nil.-):
  app/controllers/home_controller.rb:17:in `scan'
  app/controllers/home_controller.rb:10:in `each'
  app/controllers/home_controller.rb:10:in `scan'

Rendered rescues/_trace (41.7ms)
Rendered rescues/_request_and_response (0.3ms)
Rendering rescues/layout (internal_server_error)


Processing HomeController#scan (for 192.168.0.10 at 2010-03-05 16:25:26) [GET]
  [4;36;1mRsslist Load (0.6ms)[0m   [0;1mSELECT * FROM "rsslists" [0m
  [4;35;1mFilterlist Load (0.3ms)[0m   [0mSELECT * FROM "filterlists" [0m

NoMethodError (You have a nil object when you didn't expect it!
You might have expected an instance of Array.
The error occurred while evaluating nil.-):
  app/controllers/home_controller.rb:17:in `scan'
  app/controllers/home_controller.rb:10:in `each'
  app/controllers/home_controller.rb:10:in `scan'

Rendered rescues/_trace (42.9ms)
Rendered rescues/_request_and_response (1.4ms)
Rendering rescues/layout (internal_server_error)


Processing HomeController#scan (for 192.168.0.10 at 2010-03-05 16:29:24) [GET]
  [4;36;1mRsslist Load (0.6ms)[0m   [0;1mSELECT * FROM "rsslists" [0m
  [4;35;1mFilterlist Load (0.3ms)[0m   [0mSELECT * FROM "filterlists" [0m

NoMethodError (You have a nil object when you didn't expect it!
You might have expected an instance of Array.
The error occurred while evaluating nil.-):
  app/controllers/home_controller.rb:17:in `scan'
  app/controllers/home_controller.rb:10:in `each'
  app/controllers/home_controller.rb:10:in `scan'

Rendered rescues/_trace (43.2ms)
Rendered rescues/_request_and_response (0.3ms)
Rendering rescues/layout (internal_server_error)


Processing HomeController#scan (for 192.168.0.10 at 2010-03-05 16:31:34) [GET]
  [4;36;1mRsslist Load (0.6ms)[0m   [0;1mSELECT * FROM "rsslists" [0m
  [4;35;1mFilterlist Load (0.3ms)[0m   [0mSELECT * FROM "filterlists" [0m

NoMethodError (You have a nil object when you didn't expect it!
You might have expected an instance of Array.
The error occurred while evaluating nil.-):
  app/controllers/home_controller.rb:17:in `scan'
  app/controllers/home_controller.rb:10:in `each'
  app/controllers/home_controller.rb:10:in `scan'

Rendered rescues/_trace (41.5ms)
Rendered rescues/_request_and_response (0.4ms)
Rendering rescues/layout (internal_server_error)


Processing HomeController#scan (for 192.168.0.10 at 2010-03-05 16:33:09) [GET]
  [4;36;1mRsslist Load (0.6ms)[0m   [0;1mSELECT * FROM "rsslists" [0m
  [4;35;1mFilterlist Load (0.3ms)[0m   [0mSELECT * FROM "filterlists" [0m
Rendering template within layouts/application
Rendering home/scan
Completed in 525ms (View: 132, DB: 1) | 200 OK [http://0.0.0.0/home/scan]


Processing RsslistsController#index (for 192.168.0.10 at 2010-03-05 16:34:40) [GET]
  [4;36;1mRsslist Load (0.6ms)[0m   [0;1mSELECT * FROM "rsslists" [0m
Rendering template within layouts/application
Rendering rsslists/index
Completed in 64ms (View: 59, DB: 1) | 200 OK [http://0.0.0.0/rsslists]


Processing RsslistsController#edit (for 192.168.0.10 at 2010-03-05 16:34:43) [GET]
  Parameters: {"id"=>"1"}
  [4;35;1mRsslist Load (0.2ms)[0m   [0mSELECT * FROM "rsslists" WHERE ("rsslists"."id" = 1) [0m
Rendering template within layouts/application
Rendering rsslists/edit
Completed in 64ms (View: 58, DB: 0) | 200 OK [http://0.0.0.0/rsslists/1/edit]


Processing RsslistsController#images to png (for 192.168.0.10 at 2010-03-05 16:34:43) [GET]
  Parameters: {"id"=>"thor"}

ActionController::UnknownAction (No action responded to images. Actions: create, destroy, edit, index, new, show, and update):
  

Rendering rescues/layout (not_found)


Processing RsslistsController#update (for 192.168.0.10 at 2010-03-05 16:34:46) [PUT]
  Parameters: {"commit"=>"Update", "authenticity_token"=>"K2EZ9D5i/t4yUZ1hUDFU1Enl7sC7iO8hrlCDmGE5xdk=", "id"=>"1", "rsslist"=>{"name"=>"EzTV", "adress"=>"http://googl"}}
  [4;36;1mRsslist Load (0.2ms)[0m   [0;1mSELECT * FROM "rsslists" WHERE ("rsslists"."id" = 1) [0m
  [4;35;1mRsslist Update (0.5ms)[0m   [0mUPDATE "rsslists" SET "updated_at" = '2010-03-05 15:34:46', "adress" = 'http://googl' WHERE "id" = 1[0m
Redirected to http://0.0.0.0:3001/rsslists/1
Completed in 13ms (DB: 1) | 302 Found [http://0.0.0.0/rsslists/1]


Processing RsslistsController#show (for 192.168.0.10 at 2010-03-05 16:34:46) [GET]
  Parameters: {"id"=>"1"}
  [4;36;1mRsslist Load (0.4ms)[0m   [0;1mSELECT * FROM "rsslists" WHERE ("rsslists"."id" = 1) [0m
Rendering template within layouts/application
Rendering rsslists/show
Completed in 14ms (View: 8, DB: 0) | 200 OK [http://0.0.0.0/rsslists/1]


Processing HomeController#scan (for 192.168.0.10 at 2010-03-05 16:34:48) [GET]
  [4;35;1mRsslist Load (0.6ms)[0m   [0mSELECT * FROM "rsslists" [0m
  [4;36;1mFilterlist Load (0.3ms)[0m   [0;1mSELECT * FROM "filterlists" [0m
Rendering template within layouts/application
Rendering home/scan
Completed in 67ms (View: 28, DB: 1) | 200 OK [http://0.0.0.0/home/scan]


Processing RsslistsController#index (for 192.168.0.10 at 2010-03-05 16:36:05) [GET]
  [4;35;1mRsslist Load (0.6ms)[0m   [0mSELECT * FROM "rsslists" [0m
Rendering template within layouts/application
Rendering rsslists/index
Completed in 11ms (View: 6, DB: 1) | 200 OK [http://0.0.0.0/rsslists]


Processing RsslistsController#edit (for 192.168.0.10 at 2010-03-05 16:36:07) [GET]
  Parameters: {"id"=>"1"}
  [4;36;1mRsslist Load (0.2ms)[0m   [0;1mSELECT * FROM "rsslists" WHERE ("rsslists"."id" = 1) [0m
Rendering template within layouts/application
Rendering rsslists/edit
Completed in 11ms (View: 6, DB: 0) | 200 OK [http://0.0.0.0/rsslists/1/edit]


Processing RsslistsController#images to png (for 192.168.0.10 at 2010-03-05 16:36:07) [GET]
  Parameters: {"id"=>"thor"}

ActionController::UnknownAction (No action responded to images. Actions: create, destroy, edit, index, new, show, and update):
  

Rendering rescues/layout (not_found)


Processing RsslistsController#update (for 192.168.0.10 at 2010-03-05 16:36:12) [PUT]
  Parameters: {"commit"=>"Update", "authenticity_token"=>"K2EZ9D5i/t4yUZ1hUDFU1Enl7sC7iO8hrlCDmGE5xdk=", "id"=>"1", "rsslist"=>{"name"=>"EzTV", "adress"=>"mangashare.com/rss/Gantz.xml"}}
  [4;35;1mRsslist Load (0.2ms)[0m   [0mSELECT * FROM "rsslists" WHERE ("rsslists"."id" = 1) [0m
  [4;36;1mRsslist Update (0.4ms)[0m   [0;1mUPDATE "rsslists" SET "updated_at" = '2010-03-05 15:36:12', "adress" = 'mangashare.com/rss/Gantz.xml' WHERE "id" = 1[0m
Redirected to http://0.0.0.0:3001/rsslists/1
Completed in 13ms (DB: 1) | 302 Found [http://0.0.0.0/rsslists/1]


Processing RsslistsController#show (for 192.168.0.10 at 2010-03-05 16:36:12) [GET]
  Parameters: {"id"=>"1"}
  [4;35;1mRsslist Load (0.2ms)[0m   [0mSELECT * FROM "rsslists" WHERE ("rsslists"."id" = 1) [0m
Rendering template within layouts/application
Rendering rsslists/show
Completed in 9ms (View: 3, DB: 0) | 200 OK [http://0.0.0.0/rsslists/1]


Processing HomeController#scan (for 192.168.0.10 at 2010-03-05 16:36:17) [GET]
  [4;36;1mRsslist Load (0.5ms)[0m   [0;1mSELECT * FROM "rsslists" [0m
  [4;35;1mFilterlist Load (0.3ms)[0m   [0mSELECT * FROM "filterlists" [0m
Rendering template within layouts/application
Rendering home/scan
Completed in 22ms (View: 2, DB: 1) | 200 OK [http://0.0.0.0/home/scan]


Processing RsslistsController#index (for 192.168.0.10 at 2010-03-05 16:36:34) [GET]
  [4;36;1mRsslist Load (0.5ms)[0m   [0;1mSELECT * FROM "rsslists" [0m
Rendering template within layouts/application
Rendering rsslists/index
Completed in 11ms (View: 6, DB: 1) | 200 OK [http://0.0.0.0/rsslists]


Processing RsslistsController#edit (for 192.168.0.10 at 2010-03-05 16:36:35) [GET]
  Parameters: {"id"=>"1"}
  [4;35;1mRsslist Load (0.2ms)[0m   [0mSELECT * FROM "rsslists" WHERE ("rsslists"."id" = 1) [0m
Rendering template within layouts/application
Rendering rsslists/edit
Completed in 11ms (View: 6, DB: 0) | 200 OK [http://0.0.0.0/rsslists/1/edit]


Processing RsslistsController#images to png (for 192.168.0.10 at 2010-03-05 16:36:35) [GET]
  Parameters: {"id"=>"thor"}

ActionController::UnknownAction (No action responded to images. Actions: create, destroy, edit, index, new, show, and update):
  

Rendering rescues/layout (not_found)


Processing RsslistsController#update (for 192.168.0.10 at 2010-03-05 16:36:43) [PUT]
  Parameters: {"commit"=>"Update", "authenticity_token"=>"K2EZ9D5i/t4yUZ1hUDFU1Enl7sC7iO8hrlCDmGE5xdk=", "id"=>"1", "rsslist"=>{"name"=>"EzTV", "adress"=>"http://mangashare.com/rss/Gantz.xml"}}
  [4;36;1mRsslist Load (0.2ms)[0m   [0;1mSELECT * FROM "rsslists" WHERE ("rsslists"."id" = 1) [0m
  [4;35;1mRsslist Update (0.4ms)[0m   [0mUPDATE "rsslists" SET "updated_at" = '2010-03-05 15:36:43', "adress" = 'http://mangashare.com/rss/Gantz.xml' WHERE "id" = 1[0m
Redirected to http://0.0.0.0:3001/rsslists/1
Completed in 12ms (DB: 1) | 302 Found [http://0.0.0.0/rsslists/1]


Processing RsslistsController#show (for 192.168.0.10 at 2010-03-05 16:36:43) [GET]
  Parameters: {"id"=>"1"}
  [4;36;1mRsslist Load (0.2ms)[0m   [0;1mSELECT * FROM "rsslists" WHERE ("rsslists"."id" = 1) [0m
Rendering template within layouts/application
Rendering rsslists/show
Completed in 9ms (View: 3, DB: 0) | 200 OK [http://0.0.0.0/rsslists/1]


Processing RsslistsController#index (for 192.168.0.10 at 2010-03-05 16:36:45) [GET]
  [4;35;1mRsslist Load (0.5ms)[0m   [0mSELECT * FROM "rsslists" [0m
Rendering template within layouts/application
Rendering rsslists/index
Completed in 11ms (View: 6, DB: 1) | 200 OK [http://0.0.0.0/rsslists]


Processing HomeController#scan (for 192.168.0.10 at 2010-03-05 16:36:52) [GET]
  [4;36;1mRsslist Load (0.5ms)[0m   [0;1mSELECT * FROM "rsslists" [0m
  [4;35;1mFilterlist Load (0.3ms)[0m   [0mSELECT * FROM "filterlists" [0m

NoMethodError (undefined method `episode' for #<Filterlist:0x1042127a8>):
  app/controllers/home_controller.rb:19:in `scan'
  app/controllers/home_controller.rb:18:in `each'
  app/controllers/home_controller.rb:18:in `scan'
  app/controllers/home_controller.rb:17:in `each'
  app/controllers/home_controller.rb:17:in `scan'
  app/controllers/home_controller.rb:10:in `each'
  app/controllers/home_controller.rb:10:in `scan'

Rendered rescues/_trace (125.1ms)
Rendered rescues/_request_and_response (1.4ms)
Rendering rescues/layout (internal_server_error)


Processing HomeController#scan (for 192.168.0.10 at 2010-03-05 16:38:50) [GET]
  [4;36;1mRsslist Load (0.6ms)[0m   [0;1mSELECT * FROM "rsslists" [0m
  [4;35;1mFilterlist Load (0.3ms)[0m   [0mSELECT * FROM "filterlists" [0m
Rendering template within layouts/application
Rendering home/scan
Completed in 2107ms (View: 2, DB: 1) | 200 OK [http://0.0.0.0/home/scan]


Processing RsslistsController#index (for 192.168.0.10 at 2010-03-05 16:39:46) [GET]
  [4;36;1mRsslist Load (0.6ms)[0m   [0;1mSELECT * FROM "rsslists" [0m
Rendering template within layouts/application
Rendering rsslists/index
Completed in 57ms (View: 52, DB: 1) | 200 OK [http://0.0.0.0/rsslists]


Processing RsslistsController#edit (for 192.168.0.10 at 2010-03-05 16:39:47) [GET]
  Parameters: {"id"=>"1"}
  [4;35;1mRsslist Load (0.2ms)[0m   [0mSELECT * FROM "rsslists" WHERE ("rsslists"."id" = 1) [0m
Rendering template within layouts/application
Rendering rsslists/edit
Completed in 35ms (View: 8, DB: 0) | 200 OK [http://0.0.0.0/rsslists/1/edit]


Processing RsslistsController#images to png (for 192.168.0.10 at 2010-03-05 16:39:47) [GET]
  Parameters: {"id"=>"thor"}

ActionController::UnknownAction (No action responded to images. Actions: create, destroy, edit, index, new, show, and update):
  

Rendering rescues/layout (not_found)


Processing RsslistsController#update (for 192.168.0.10 at 2010-03-05 16:40:13) [PUT]
  Parameters: {"commit"=>"Update", "authenticity_token"=>"K2EZ9D5i/t4yUZ1hUDFU1Enl7sC7iO8hrlCDmGE5xdk=", "id"=>"1", "rsslist"=>{"name"=>"animesuki", "adress"=>"http://animesuki.allanime.org/rss.php"}}
  [4;36;1mRsslist Load (0.2ms)[0m   [0;1mSELECT * FROM "rsslists" WHERE ("rsslists"."id" = 1) [0m
  [4;35;1mRsslist Update (0.4ms)[0m   [0mUPDATE "rsslists" SET "updated_at" = '2010-03-05 15:40:13', "adress" = 'http://animesuki.allanime.org/rss.php', "name" = 'animesuki' WHERE "id" = 1[0m
Redirected to http://0.0.0.0:3001/rsslists/1
Completed in 12ms (DB: 1) | 302 Found [http://0.0.0.0/rsslists/1]


Processing RsslistsController#show (for 192.168.0.10 at 2010-03-05 16:40:13) [GET]
  Parameters: {"id"=>"1"}
  [4;36;1mRsslist Load (0.2ms)[0m   [0;1mSELECT * FROM "rsslists" WHERE ("rsslists"."id" = 1) [0m
Rendering template within layouts/application
Rendering rsslists/show
Completed in 9ms (View: 3, DB: 0) | 200 OK [http://0.0.0.0/rsslists/1]


Processing FilterlistsController#index (for 192.168.0.10 at 2010-03-05 16:40:16) [GET]
  [4;35;1mFilterlist Load (0.7ms)[0m   [0mSELECT * FROM "filterlists" [0m
Rendering template within layouts/application
Rendering filterlists/index
Completed in 120ms (View: 53, DB: 1) | 200 OK [http://0.0.0.0/filterlists]


Processing FilterlistsController#edit (for 192.168.0.10 at 2010-03-05 16:40:18) [GET]
  Parameters: {"id"=>"1"}
  [4;36;1mFilterlist Load (0.3ms)[0m   [0;1mSELECT * FROM "filterlists" WHERE ("filterlists"."id" = 1) [0m
Rendering template within layouts/application
Rendering filterlists/edit
Completed in 57ms (View: 51, DB: 0) | 200 OK [http://0.0.0.0/filterlists/1/edit]


Processing FilterlistsController#images to png (for 192.168.0.10 at 2010-03-05 16:40:18) [GET]
  Parameters: {"id"=>"thor"}

ActionController::UnknownAction (No action responded to images. Actions: create, destroy, edit, index, new, show, and update):
  

Rendering rescues/layout (not_found)


Processing FilterlistsController#update (for 192.168.0.10 at 2010-03-05 16:40:51) [PUT]
  Parameters: {"commit"=>"Update", "authenticity_token"=>"K2EZ9D5i/t4yUZ1hUDFU1Enl7sC7iO8hrlCDmGE5xdk=", "filterlist"=>{"ep"=>"9", "regexp"=>"sora.*no.*woto", "name"=>"sora no woto"}, "id"=>"1"}
  [4;35;1mFilterlist Load (0.2ms)[0m   [0mSELECT * FROM "filterlists" WHERE ("filterlists"."id" = 1) [0m
  [4;36;1mFilterlist Update (0.4ms)[0m   [0;1mUPDATE "filterlists" SET "updated_at" = '2010-03-05 15:40:51', "ep" = 9, "regexp" = 'sora.*no.*woto', "name" = 'sora no woto' WHERE "id" = 1[0m
Redirected to http://0.0.0.0:3001/filterlists/1
Completed in 12ms (DB: 1) | 302 Found [http://0.0.0.0/filterlists/1]


Processing FilterlistsController#show (for 192.168.0.10 at 2010-03-05 16:40:51) [GET]
  Parameters: {"id"=>"1"}
  [4;35;1mFilterlist Load (0.2ms)[0m   [0mSELECT * FROM "filterlists" WHERE ("filterlists"."id" = 1) [0m
Rendering template within layouts/application
Rendering filterlists/show
Completed in 23ms (View: 17, DB: 0) | 200 OK [http://0.0.0.0/filterlists/1]


Processing HomeController#scan (for 192.168.0.10 at 2010-03-05 16:40:53) [GET]
  [4;36;1mRsslist Load (0.6ms)[0m   [0;1mSELECT * FROM "rsslists" [0m
  [4;35;1mFilterlist Load (0.3ms)[0m   [0mSELECT * FROM "filterlists" [0m
Rendering template within layouts/application
Rendering home/scan
Completed in 1841ms (View: 10, DB: 1) | 200 OK [http://0.0.0.0/home/scan]


Processing HomeController#scan (for 192.168.0.10 at 2010-03-05 16:53:28) [GET]
  [4;36;1mRsslist Load (0.5ms)[0m   [0;1mSELECT * FROM "rsslists" [0m
  [4;35;1mFilterlist Load (0.3ms)[0m   [0mSELECT * FROM "filterlists" [0m
Rendering template within layouts/application
Rendering home/scan
Completed in 2578ms (View: 21, DB: 1) | 200 OK [http://0.0.0.0/home/scan]


Processing HomeController#scan (for 192.168.0.10 at 2010-03-05 16:54:03) [GET]
  [4;36;1mRsslist Load (0.7ms)[0m   [0;1mSELECT * FROM "rsslists" [0m
  [4;35;1mFilterlist Load (0.3ms)[0m   [0mSELECT * FROM "filterlists" [0m
Rendering template within layouts/application
Rendering home/scan
Completed in 4589ms (View: 55, DB: 1) | 200 OK [http://0.0.0.0/home/scan]


Processing HomeController#scan (for 192.168.0.10 at 2010-03-05 17:00:31) [GET]
  [4;36;1mRsslist Load (21.1ms)[0m   [0;1mSELECT * FROM "rsslists" [0m
  [4;35;1mFilterlist Load (1.2ms)[0m   [0mSELECT * FROM "filterlists" [0m
Rendering template within layouts/application
Rendering home/scan
Completed in 1721ms (View: 23, DB: 22) | 200 OK [http://0.0.0.0/home/scan]


Processing HomeController#scan (for 192.168.0.10 at 2010-03-05 17:24:48) [GET]
  [4;36;1mRsslist Load (0.5ms)[0m   [0;1mSELECT * FROM "rsslists" [0m
  [4;35;1mFilterlist Load (0.3ms)[0m   [0mSELECT * FROM "filterlists" [0m
Rendering template within layouts/application
Rendering home/scan
Completed in 2715ms (View: 2, DB: 1) | 200 OK [http://0.0.0.0/home/scan]


Processing ApplicationController#scan (for 192.168.0.10 at 2010-03-05 17:25:37) [GET]

SyntaxError (/Users/albanavenant/Documents/Programmation/ruby/Distorrent/DisThorrent/app/distorrent/download.rb:11: syntax error, unexpected tIDENTIFIER, expecting kEND):
  app/controllers/home_controller.rb:2

Rendered rescues/_trace (40.0ms)
Rendered rescues/_request_and_response (1.4ms)
Rendering rescues/layout (internal_server_error)


Processing HomeController#scan (for 192.168.0.10 at 2010-03-05 17:26:21) [GET]
  [4;36;1mRsslist Load (0.6ms)[0m   [0;1mSELECT * FROM "rsslists" [0m
  [4;35;1mFilterlist Load (0.3ms)[0m   [0mSELECT * FROM "filterlists" [0m
Rendering template within layouts/application
Rendering home/scan
Completed in 1652ms (View: 32, DB: 1) | 200 OK [http://0.0.0.0/home/scan]


Processing HomeController#scan (for 192.168.0.10 at 2010-03-05 17:27:30) [GET]
  [4;36;1mRsslist Load (0.6ms)[0m   [0;1mSELECT * FROM "rsslists" [0m
  [4;35;1mFilterlist Load (0.3ms)[0m   [0mSELECT * FROM "filterlists" [0m
Rendering template within layouts/application
Rendering home/scan
Completed in 4558ms (View: 2, DB: 1) | 200 OK [http://0.0.0.0/home/scan]


Processing HomeController#scan (for 192.168.0.10 at 2010-03-05 17:28:52) [GET]
  [4;36;1mRsslist Load (0.6ms)[0m   [0;1mSELECT * FROM "rsslists" [0m
  [4;35;1mFilterlist Load (0.3ms)[0m   [0mSELECT * FROM "filterlists" [0m
Rendering template within layouts/application
Rendering home/scan
Completed in 440ms (View: 15, DB: 1) | 200 OK [http://0.0.0.0/home/scan]


Processing HomeController#scan (for 192.168.0.10 at 2010-03-05 17:30:02) [GET]
  [4;36;1mRsslist Load (0.7ms)[0m   [0;1mSELECT * FROM "rsslists" [0m
  [4;35;1mFilterlist Load (0.5ms)[0m   [0mSELECT * FROM "filterlists" [0m
Rendering template within layouts/application
Rendering home/scan
Completed in 515ms (View: 2, DB: 1) | 200 OK [http://0.0.0.0/home/scan]


Processing HomeController#scan (for 192.168.0.10 at 2010-03-05 17:30:13) [GET]
  [4;36;1mRsslist Load (0.6ms)[0m   [0;1mSELECT * FROM "rsslists" [0m
  [4;35;1mFilterlist Load (0.3ms)[0m   [0mSELECT * FROM "filterlists" [0m

NoMethodError (undefined method `episode=' for #<Filterlist:0x10428fb18>):
  app/controllers/home_controller.rb:28:in `scan'
  app/controllers/home_controller.rb:18:in `each'
  app/controllers/home_controller.rb:18:in `scan'
  app/controllers/home_controller.rb:17:in `each'
  app/controllers/home_controller.rb:17:in `scan'
  app/controllers/home_controller.rb:10:in `each'
  app/controllers/home_controller.rb:10:in `scan'

Rendered rescues/_trace (157.2ms)
Rendered rescues/_request_and_response (1.5ms)
Rendering rescues/layout (internal_server_error)


Processing HomeController#scan (for 192.168.0.10 at 2010-03-05 17:36:20) [GET]
  [4;36;1mRsslist Load (0.6ms)[0m   [0;1mSELECT * FROM "rsslists" [0m
  [4;35;1mFilterlist Load (0.3ms)[0m   [0mSELECT * FROM "filterlists" [0m
  [4;36;1mFilterlist Update (0.7ms)[0m   [0;1mUPDATE "filterlists" SET "updated_at" = '2010-03-05 16:36:21', "ep" = 10 WHERE "id" = 1[0m
Rendering template within layouts/application
Rendering home/scan
Completed in 1551ms (View: 19, DB: 2) | 200 OK [http://0.0.0.0/home/scan]


Processing RsslistsController#index (for 192.168.0.10 at 2010-03-05 17:37:19) [GET]
  [4;35;1mRsslist Load (0.6ms)[0m   [0mSELECT * FROM "rsslists" [0m
Rendering template within layouts/application
Rendering rsslists/index
Completed in 19ms (View: 14, DB: 1) | 200 OK [http://0.0.0.0/rsslists]


Processing FilterlistsController#index (for 192.168.0.10 at 2010-03-05 17:37:20) [GET]
  [4;36;1mFilterlist Load (0.6ms)[0m   [0;1mSELECT * FROM "filterlists" [0m
Rendering template within layouts/application
Rendering filterlists/index
Completed in 50ms (View: 45, DB: 1) | 200 OK [http://0.0.0.0/filterlists]


Processing FilterlistsController#edit (for 192.168.0.10 at 2010-03-05 17:37:22) [GET]
  Parameters: {"id"=>"1"}
  [4;35;1mFilterlist Load (0.2ms)[0m   [0mSELECT * FROM "filterlists" WHERE ("filterlists"."id" = 1) [0m
Rendering template within layouts/application
Rendering filterlists/edit
Completed in 18ms (View: 12, DB: 0) | 200 OK [http://0.0.0.0/filterlists/1/edit]


Processing FilterlistsController#images to png (for 192.168.0.10 at 2010-03-05 17:37:23) [GET]
  Parameters: {"id"=>"thor"}

ActionController::UnknownAction (No action responded to images. Actions: create, destroy, edit, index, new, show, and update):
  

Rendering rescues/layout (not_found)


Processing FilterlistsController#update (for 192.168.0.10 at 2010-03-05 17:37:27) [PUT]
  Parameters: {"commit"=>"Update", "authenticity_token"=>"K2EZ9D5i/t4yUZ1hUDFU1Enl7sC7iO8hrlCDmGE5xdk=", "filterlist"=>{"ep"=>"9", "regexp"=>"sora.*no.*woto", "name"=>"sora no woto"}, "id"=>"1"}
  [4;36;1mFilterlist Load (0.3ms)[0m   [0;1mSELECT * FROM "filterlists" WHERE ("filterlists"."id" = 1) [0m
  [4;35;1mFilterlist Update (0.4ms)[0m   [0mUPDATE "filterlists" SET "updated_at" = '2010-03-05 16:37:27', "ep" = 9 WHERE "id" = 1[0m
Redirected to http://0.0.0.0:3001/filterlists/1
Completed in 13ms (DB: 1) | 302 Found [http://0.0.0.0/filterlists/1]


Processing FilterlistsController#show (for 192.168.0.10 at 2010-03-05 17:37:27) [GET]
  Parameters: {"id"=>"1"}
  [4;36;1mFilterlist Load (0.3ms)[0m   [0;1mSELECT * FROM "filterlists" WHERE ("filterlists"."id" = 1) [0m
Rendering template within layouts/application
Rendering filterlists/show
Completed in 34ms (View: 28, DB: 0) | 200 OK [http://0.0.0.0/filterlists/1]


Processing HomeController#scan (for 192.168.0.10 at 2010-03-05 17:37:29) [GET]
  [4;35;1mRsslist Load (0.6ms)[0m   [0mSELECT * FROM "rsslists" [0m
  [4;36;1mFilterlist Load (0.2ms)[0m   [0;1mSELECT * FROM "filterlists" [0m
  [4;35;1mFilterlist Update (0.9ms)[0m   [0mUPDATE "filterlists" SET "updated_at" = '2010-03-05 16:37:31', "ep" = 10 WHERE "id" = 1[0m
Rendering template within layouts/application
Rendering home/scan
Completed in 1500ms (View: 2, DB: 2) | 200 OK [http://0.0.0.0/home/scan]


Processing RsslistsController#index (for 192.168.0.10 at 2010-03-05 17:40:40) [GET]
  [4;36;1mRsslist Load (0.6ms)[0m   [0;1mSELECT * FROM "rsslists" [0m
Rendering template within layouts/application
Rendering rsslists/index
Completed in 13ms (View: 7, DB: 1) | 200 OK [http://0.0.0.0/rsslists]


Processing FilterlistsController#index (for 192.168.0.10 at 2010-03-05 17:40:40) [GET]
  [4;35;1mFilterlist Load (0.6ms)[0m   [0mSELECT * FROM "filterlists" [0m
Rendering template within layouts/application
Rendering filterlists/index
Completed in 13ms (View: 7, DB: 1) | 200 OK [http://0.0.0.0/filterlists]


Processing FilterlistsController#edit (for 192.168.0.10 at 2010-03-05 17:40:42) [GET]
  Parameters: {"id"=>"1"}
  [4;36;1mFilterlist Load (0.3ms)[0m   [0;1mSELECT * FROM "filterlists" WHERE ("filterlists"."id" = 1) [0m
Rendering template within layouts/application
Rendering filterlists/edit
Completed in 14ms (View: 7, DB: 0) | 200 OK [http://0.0.0.0/filterlists/1/edit]


Processing FilterlistsController#images to png (for 192.168.0.10 at 2010-03-05 17:40:42) [GET]
  Parameters: {"id"=>"thor"}

ActionController::UnknownAction (No action responded to images. Actions: create, destroy, edit, index, new, show, and update):
  

Rendering rescues/layout (not_found)


Processing FilterlistsController#update (for 192.168.0.10 at 2010-03-05 17:40:46) [PUT]
  Parameters: {"commit"=>"Update", "authenticity_token"=>"K2EZ9D5i/t4yUZ1hUDFU1Enl7sC7iO8hrlCDmGE5xdk=", "filterlist"=>{"ep"=>"9", "regexp"=>"sora.*no.*woto", "name"=>"sora no woto"}, "id"=>"1"}
  [4;35;1mFilterlist Load (0.3ms)[0m   [0mSELECT * FROM "filterlists" WHERE ("filterlists"."id" = 1) [0m
  [4;36;1mFilterlist Update (0.4ms)[0m   [0;1mUPDATE "filterlists" SET "updated_at" = '2010-03-05 16:40:46', "ep" = 9 WHERE "id" = 1[0m
Redirected to http://0.0.0.0:3001/filterlists/1
Completed in 14ms (DB: 1) | 302 Found [http://0.0.0.0/filterlists/1]


Processing FilterlistsController#show (for 192.168.0.10 at 2010-03-05 17:40:46) [GET]
  Parameters: {"id"=>"1"}
  [4;35;1mFilterlist Load (0.3ms)[0m   [0mSELECT * FROM "filterlists" WHERE ("filterlists"."id" = 1) [0m
Rendering template within layouts/application
Rendering filterlists/show
Completed in 9ms (View: 3, DB: 0) | 200 OK [http://0.0.0.0/filterlists/1]


Processing HomeController#scan (for 192.168.0.10 at 2010-03-05 17:40:48) [GET]
  [4;36;1mRsslist Load (0.6ms)[0m   [0;1mSELECT * FROM "rsslists" [0m
  [4;35;1mFilterlist Load (0.3ms)[0m   [0mSELECT * FROM "filterlists" [0m
  [4;36;1mFilterlist Update (0.6ms)[0m   [0;1mUPDATE "filterlists" SET "updated_at" = '2010-03-05 16:40:50', "ep" = 10 WHERE "id" = 1[0m
Rendering template within layouts/application
Rendering home/scan
Completed in 1838ms (View: 2, DB: 1) | 200 OK [http://0.0.0.0/home/scan]


Processing FilterlistsController#index (for 192.168.0.10 at 2010-03-05 17:44:51) [GET]
  [4;35;1mFilterlist Load (0.6ms)[0m   [0mSELECT * FROM "filterlists" [0m
Rendering template within layouts/application
Rendering filterlists/index
Completed in 13ms (View: 7, DB: 1) | 200 OK [http://0.0.0.0/filterlists]


Processing RsslistsController#index (for 192.168.0.10 at 2010-03-05 17:44:51) [GET]
  [4;36;1mRsslist Load (0.6ms)[0m   [0;1mSELECT * FROM "rsslists" [0m
Rendering template within layouts/application
Rendering rsslists/index
Completed in 12ms (View: 7, DB: 1) | 200 OK [http://0.0.0.0/rsslists]


Processing FilterlistsController#index (for 192.168.0.10 at 2010-03-05 17:44:53) [GET]
  [4;35;1mFilterlist Load (0.6ms)[0m   [0mSELECT * FROM "filterlists" [0m
Rendering template within layouts/application
Rendering filterlists/index
Completed in 13ms (View: 8, DB: 1) | 200 OK [http://0.0.0.0/filterlists]


Processing RsslistsController#index (for 192.168.0.10 at 2010-03-05 17:44:53) [GET]
  [4;36;1mRsslist Load (0.5ms)[0m   [0;1mSELECT * FROM "rsslists" [0m
Rendering template within layouts/application
Rendering rsslists/index
Completed in 12ms (View: 7, DB: 1) | 200 OK [http://0.0.0.0/rsslists]


Processing FilterlistsController#index (for 192.168.0.10 at 2010-03-05 17:44:55) [GET]
  [4;35;1mFilterlist Load (0.6ms)[0m   [0mSELECT * FROM "filterlists" [0m
Rendering template within layouts/application
Rendering filterlists/index
Completed in 13ms (View: 7, DB: 1) | 200 OK [http://0.0.0.0/filterlists]


Processing HomeController#index (for 192.168.0.10 at 2010-03-05 17:46:27) [GET]
  [4;36;1mRsslist Load (0.5ms)[0m   [0;1mSELECT * FROM "rsslists" [0m
Rendering template within layouts/application
Rendering home/index
Completed in 11ms (View: 6, DB: 1) | 200 OK [http://0.0.0.0/]


Processing RsslistsController#index (for 192.168.0.10 at 2010-03-05 17:48:18) [GET]
  [4;36;1mRsslist Load (0.6ms)[0m   [0;1mSELECT * FROM "rsslists" [0m
Rendering template within layouts/application
Rendering rsslists/index
Completed in 110ms (View: 104, DB: 1) | 200 OK [http://0.0.0.0/rsslists]


Processing HomeController#scan (for 192.168.0.10 at 2010-03-05 17:48:19) [GET]
  [4;35;1mRsslist Load (0.5ms)[0m   [0mSELECT * FROM "rsslists" [0m
  [4;36;1mFilterlist Load (0.3ms)[0m   [0;1mSELECT * FROM "filterlists" [0m
Rendering template within layouts/application
Rendering home/scan
Completed in 530ms (View: 9, DB: 1) | 200 OK [http://0.0.0.0/home/scan]


Processing FilterlistsController#index (for 192.168.0.10 at 2010-03-05 17:48:20) [GET]
  [4;35;1mFilterlist Load (0.6ms)[0m   [0mSELECT * FROM "filterlists" [0m
Rendering template within layouts/application
Rendering filterlists/index
Completed in 19ms (View: 14, DB: 1) | 200 OK [http://0.0.0.0/filterlists]


Processing FilterlistsController#edit (for 192.168.0.10 at 2010-03-05 17:48:21) [GET]
  Parameters: {"id"=>"1"}
  [4;36;1mFilterlist Load (0.3ms)[0m   [0;1mSELECT * FROM "filterlists" WHERE ("filterlists"."id" = 1) [0m
Rendering template within layouts/application
Rendering filterlists/edit
Completed in 18ms (View: 13, DB: 0) | 200 OK [http://0.0.0.0/filterlists/1/edit]


Processing FilterlistsController#images to png (for 192.168.0.10 at 2010-03-05 17:48:22) [GET]
  Parameters: {"id"=>"thor"}

ActionController::UnknownAction (No action responded to images. Actions: create, destroy, edit, index, new, show, and update):
  

Rendering rescues/layout (not_found)


Processing FilterlistsController#update (for 192.168.0.10 at 2010-03-05 17:48:25) [PUT]
  Parameters: {"commit"=>"Update", "authenticity_token"=>"K2EZ9D5i/t4yUZ1hUDFU1Enl7sC7iO8hrlCDmGE5xdk=", "filterlist"=>{"ep"=>"9", "regexp"=>"sora.*no.*woto", "name"=>"sora no woto"}, "id"=>"1"}
  [4;35;1mFilterlist Load (0.2ms)[0m   [0mSELECT * FROM "filterlists" WHERE ("filterlists"."id" = 1) [0m
  [4;36;1mFilterlist Update (0.5ms)[0m   [0;1mUPDATE "filterlists" SET "updated_at" = '2010-03-05 16:48:25', "ep" = 9 WHERE "id" = 1[0m
Redirected to http://0.0.0.0:3001/filterlists/1
Completed in 14ms (DB: 1) | 302 Found [http://0.0.0.0/filterlists/1]


Processing FilterlistsController#show (for 192.168.0.10 at 2010-03-05 17:48:25) [GET]
  Parameters: {"id"=>"1"}
  [4;35;1mFilterlist Load (0.3ms)[0m   [0mSELECT * FROM "filterlists" WHERE ("filterlists"."id" = 1) [0m
Rendering template within layouts/application
Rendering filterlists/show
Completed in 19ms (View: 12, DB: 0) | 200 OK [http://0.0.0.0/filterlists/1]


Processing FilterlistsController#index (for 192.168.0.10 at 2010-03-05 17:48:26) [GET]
  [4;36;1mFilterlist Load (0.6ms)[0m   [0;1mSELECT * FROM "filterlists" [0m
Rendering template within layouts/application
Rendering filterlists/index
Completed in 12ms (View: 7, DB: 1) | 200 OK [http://0.0.0.0/filterlists]


Processing RsslistsController#index (for 192.168.0.10 at 2010-03-05 17:48:51) [GET]
  [4;35;1mRsslist Load (0.6ms)[0m   [0mSELECT * FROM "rsslists" [0m
Rendering template within layouts/application
Rendering rsslists/index
Completed in 12ms (View: 6, DB: 1) | 200 OK [http://0.0.0.0/rsslists]


Processing FilterlistsController#index (for 192.168.0.10 at 2010-03-05 17:48:52) [GET]
  [4;36;1mFilterlist Load (0.6ms)[0m   [0;1mSELECT * FROM "filterlists" [0m
Rendering template within layouts/application
Rendering filterlists/index
Completed in 12ms (View: 7, DB: 1) | 200 OK [http://0.0.0.0/filterlists]


Processing RsslistsController#index (for 192.168.0.10 at 2010-03-05 17:48:58) [GET]
  [4;35;1mRsslist Load (0.6ms)[0m   [0mSELECT * FROM "rsslists" [0m
Rendering template within layouts/application
Rendering rsslists/index
Completed in 12ms (View: 7, DB: 1) | 200 OK [http://0.0.0.0/rsslists]
  [4;36;1mRsslist Load (0.6ms)[0m   [0;1mSELECT * FROM "rsslists" [0m
  [4;35;1mFilterlist Load (0.3ms)[0m   [0mSELECT * FROM "filterlists" [0m
  [4;36;1mFilterlist Update (0.6ms)[0m   [0;1mUPDATE "filterlists" SET "updated_at" = '2010-03-05 17:22:41', "ep" = 10 WHERE "id" = 1[0m
  [4;35;1mRsslist Load (0.7ms)[0m   [0mSELECT * FROM "rsslists" [0m
  [4;36;1mFilterlist Load (0.3ms)[0m   [0;1mSELECT * FROM "filterlists" [0m


Processing RsslistsController#index (for 192.168.0.10 at 2010-03-05 18:44:36) [GET]
  [4;36;1mRsslist Load (0.6ms)[0m   [0;1mSELECT * FROM "rsslists" [0m
Rendering template within layouts/application
Rendering rsslists/index
Completed in 36ms (View: 30, DB: 1) | 200 OK [http://0.0.0.0/rsslists]


Processing FilterlistsController#index (for 192.168.0.10 at 2010-03-05 18:44:38) [GET]
  [4;35;1mFilterlist Load (0.5ms)[0m   [0mSELECT * FROM "filterlists" [0m
Rendering template within layouts/application
Rendering filterlists/index
Completed in 21ms (View: 15, DB: 1) | 200 OK [http://0.0.0.0/filterlists]


Processing RsslistsController#index (for 192.168.0.10 at 2010-03-05 18:44:39) [GET]
  [4;36;1mRsslist Load (0.5ms)[0m   [0;1mSELECT * FROM "rsslists" [0m
Rendering template within layouts/application
Rendering rsslists/index
Completed in 12ms (View: 7, DB: 1) | 200 OK [http://0.0.0.0/rsslists]


Processing FilterlistsController#index (for 192.168.0.10 at 2010-03-05 18:44:48) [GET]
  [4;35;1mFilterlist Load (0.5ms)[0m   [0mSELECT * FROM "filterlists" [0m
Rendering template within layouts/application
Rendering filterlists/index
Completed in 12ms (View: 7, DB: 1) | 200 OK [http://0.0.0.0/filterlists]


Processing HomeController#scan (for 192.168.0.10 at 2010-03-05 18:44:49) [GET]
  [4;36;1mRsslist Load (0.6ms)[0m   [0;1mSELECT * FROM "rsslists" [0m
  [4;35;1mFilterlist Load (0.3ms)[0m   [0mSELECT * FROM "filterlists" [0m
Rendering template within layouts/application
Rendering home/scan
Completed in 582ms (View: 9, DB: 1) | 200 OK [http://0.0.0.0/home/scan]


Processing RsslistsController#index (for 192.168.0.10 at 2010-03-05 18:44:51) [GET]
  [4;36;1mRsslist Load (0.6ms)[0m   [0;1mSELECT * FROM "rsslists" [0m
Rendering template within layouts/application
Rendering rsslists/index
Completed in 12ms (View: 7, DB: 1) | 200 OK [http://0.0.0.0/rsslists]


Processing RsslistsController#index (for 192.168.0.10 at 2010-03-05 18:49:00) [GET]
  [4;36;1mRsslist Load (0.6ms)[0m   [0;1mSELECT * FROM "rsslists" [0m
Rendering template within layouts/application
Rendering rsslists/index
Completed in 34ms (View: 29, DB: 1) | 200 OK [http://0.0.0.0/rsslists]


Processing FilterlistsController#index (for 192.168.0.10 at 2010-03-05 18:49:01) [GET]
  [4;35;1mFilterlist Load (0.6ms)[0m   [0mSELECT * FROM "filterlists" [0m
Rendering template within layouts/application
Rendering filterlists/index
Completed in 21ms (View: 15, DB: 1) | 200 OK [http://0.0.0.0/filterlists]


Processing HomeController#scan (for 192.168.0.10 at 2010-03-05 18:49:02) [GET]
  [4;36;1mRsslist Load (0.6ms)[0m   [0;1mSELECT * FROM "rsslists" [0m
  [4;35;1mFilterlist Load (0.4ms)[0m   [0mSELECT * FROM "filterlists" [0m
Rendering template within layouts/application
Rendering home/scan
Completed in 18ms (View: 9, DB: 1) | 200 OK [http://0.0.0.0/home/scan]
  [4;36;1mRsslist Load (0.6ms)[0m   [0;1mSELECT * FROM "rsslists" [0m
  [4;35;1mFilterlist Load (0.3ms)[0m   [0mSELECT * FROM "filterlists" [0m
  [4;36;1mRsslist Load (0.6ms)[0m   [0;1mSELECT * FROM "rsslists" [0m
  [4;35;1mFilterlist Load (0.3ms)[0m   [0mSELECT * FROM "filterlists" [0m
  [4;36;1mRsslist Load (0.7ms)[0m   [0;1mSELECT * FROM "rsslists" [0m
  [4;35;1mFilterlist Load (0.3ms)[0m   [0mSELECT * FROM "filterlists" [0m
  [4;36;1mRsslist Load (0.5ms)[0m   [0;1mSELECT * FROM "rsslists" [0m
  [4;35;1mFilterlist Load (0.2ms)[0m   [0mSELECT * FROM "filterlists" [0m
  [4;36;1mRsslist Load (0.6ms)[0m   [0;1mSELECT * FROM "rsslists" [0m
  [4;35;1mFilterlist Load (0.3ms)[0m   [0mSELECT * FROM "filterlists" [0m
  [4;36;1mRsslist Load (0.5ms)[0m   [0;1mSELECT * FROM "rsslists" [0m
  [4;35;1mFilterlist Load (0.3ms)[0m   [0mSELECT * FROM "filterlists" [0m
  [4;36;1mRsslist Load (0.5ms)[0m   [0;1mSELECT * FROM "rsslists" [0m
  [4;35;1mFilterlist Load (0.3ms)[0m   [0mSELECT * FROM "filterlists" [0m
  [4;36;1mRsslist Load (0.5ms)[0m   [0;1mSELECT * FROM "rsslists" [0m
  [4;35;1mFilterlist Load (0.3ms)[0m   [0mSELECT * FROM "filterlists" [0m
  [4;36;1mRsslist Load (0.5ms)[0m   [0;1mSELECT * FROM "rsslists" [0m
  [4;35;1mFilterlist Load (0.3ms)[0m   [0mSELECT * FROM "filterlists" [0m
  [4;36;1mRsslist Load (0.5ms)[0m   [0;1mSELECT * FROM "rsslists" [0m
  [4;35;1mFilterlist Load (0.3ms)[0m   [0mSELECT * FROM "filterlists" [0m
  [4;36;1mRsslist Load (0.5ms)[0m   [0;1mSELECT * FROM "rsslists" [0m
  [4;35;1mFilterlist Load (0.3ms)[0m   [0mSELECT * FROM "filterlists" [0m
  [4;36;1mRsslist Load (0.6ms)[0m   [0;1mSELECT * FROM "rsslists" [0m
  [4;35;1mFilterlist Load (0.3ms)[0m   [0mSELECT * FROM "filterlists" [0m
  [4;36;1mRsslist Load (0.5ms)[0m   [0;1mSELECT * FROM "rsslists" [0m
  [4;35;1mFilterlist Load (0.3ms)[0m   [0mSELECT * FROM "filterlists" [0m
  [4;36;1mRsslist Load (0.5ms)[0m   [0;1mSELECT * FROM "rsslists" [0m
  [4;35;1mFilterlist Load (0.3ms)[0m   [0mSELECT * FROM "filterlists" [0m
  [4;36;1mRsslist Load (0.5ms)[0m   [0;1mSELECT * FROM "rsslists" [0m
  [4;35;1mFilterlist Load (0.3ms)[0m   [0mSELECT * FROM "filterlists" [0m
  [4;36;1mRsslist Load (0.6ms)[0m   [0;1mSELECT * FROM "rsslists" [0m
  [4;35;1mFilterlist Load (0.3ms)[0m   [0mSELECT * FROM "filterlists" [0m
  [4;36;1mRsslist Load (0.5ms)[0m   [0;1mSELECT * FROM "rsslists" [0m
  [4;35;1mFilterlist Load (0.3ms)[0m   [0mSELECT * FROM "filterlists" [0m
  [4;36;1mRsslist Load (0.6ms)[0m   [0;1mSELECT * FROM "rsslists" [0m
  [4;35;1mFilterlist Load (0.3ms)[0m   [0mSELECT * FROM "filterlists" [0m
  [4;36;1mRsslist Load (0.5ms)[0m   [0;1mSELECT * FROM "rsslists" [0m
  [4;35;1mFilterlist Load (0.3ms)[0m   [0mSELECT * FROM "filterlists" [0m
  [4;36;1mRsslist Load (0.5ms)[0m   [0;1mSELECT * FROM "rsslists" [0m
  [4;35;1mFilterlist Load (0.3ms)[0m   [0mSELECT * FROM "filterlists" [0m
  [4;36;1mRsslist Load (0.5ms)[0m   [0;1mSELECT * FROM "rsslists" [0m
  [4;35;1mFilterlist Load (0.3ms)[0m   [0mSELECT * FROM "filterlists" [0m
  [4;36;1mRsslist Load (0.5ms)[0m   [0;1mSELECT * FROM "rsslists" [0m
  [4;35;1mFilterlist Load (0.3ms)[0m   [0mSELECT * FROM "filterlists" [0m
  [4;36;1mRsslist Load (0.5ms)[0m   [0;1mSELECT * FROM "rsslists" [0m
  [4;35;1mFilterlist Load (0.3ms)[0m   [0mSELECT * FROM "filterlists" [0m
  [4;36;1mRsslist Load (0.5ms)[0m   [0;1mSELECT * FROM "rsslists" [0m
  [4;35;1mFilterlist Load (0.3ms)[0m   [0mSELECT * FROM "filterlists" [0m
  [4;36;1mRsslist Load (0.6ms)[0m   [0;1mSELECT * FROM "rsslists" [0m
  [4;35;1mFilterlist Load (0.3ms)[0m   [0mSELECT * FROM "filterlists" [0m
  [4;36;1mRsslist Load (0.5ms)[0m   [0;1mSELECT * FROM "rsslists" [0m
  [4;35;1mFilterlist Load (0.3ms)[0m   [0mSELECT * FROM "filterlists" [0m
  [4;36;1mRsslist Load (0.6ms)[0m   [0;1mSELECT * FROM "rsslists" [0m
  [4;35;1mFilterlist Load (0.3ms)[0m   [0mSELECT * FROM "filterlists" [0m
  [4;36;1mRsslist Load (0.6ms)[0m   [0;1mSELECT * FROM "rsslists" [0m
  [4;35;1mFilterlist Load (0.3ms)[0m   [0mSELECT * FROM "filterlists" [0m
  [4;36;1mRsslist Load (0.5ms)[0m   [0;1mSELECT * FROM "rsslists" [0m
  [4;35;1mFilterlist Load (0.3ms)[0m   [0mSELECT * FROM "filterlists" [0m
  [4;36;1mRsslist Load (0.5ms)[0m   [0;1mSELECT * FROM "rsslists" [0m
  [4;35;1mFilterlist Load (0.3ms)[0m   [0mSELECT * FROM "filterlists" [0m
  [4;36;1mRsslist Load (0.5ms)[0m   [0;1mSELECT * FROM "rsslists" [0m
  [4;35;1mFilterlist Load (0.3ms)[0m   [0mSELECT * FROM "filterlists" [0m
  [4;36;1mRsslist Load (0.6ms)[0m   [0;1mSELECT * FROM "rsslists" [0m
  [4;35;1mFilterlist Load (0.3ms)[0m   [0mSELECT * FROM "filterlists" [0m
  [4;36;1mRsslist Load (0.4ms)[0m   [0;1mSELECT * FROM "rsslists" [0m
  [4;35;1mFilterlist Load (0.3ms)[0m   [0mSELECT * FROM "filterlists" [0m
  [4;36;1mRsslist Load (0.6ms)[0m   [0;1mSELECT * FROM "rsslists" [0m
  [4;35;1mFilterlist Load (0.3ms)[0m   [0mSELECT * FROM "filterlists" [0m
  [4;36;1mRsslist Load (0.5ms)[0m   [0;1mSELECT * FROM "rsslists" [0m
  [4;35;1mFilterlist Load (0.3ms)[0m   [0mSELECT * FROM "filterlists" [0m
  [4;36;1mRsslist Load (0.5ms)[0m   [0;1mSELECT * FROM "rsslists" [0m
  [4;35;1mFilterlist Load (0.3ms)[0m   [0mSELECT * FROM "filterlists" [0m
  [4;36;1mRsslist Load (0.5ms)[0m   [0;1mSELECT * FROM "rsslists" [0m
  [4;35;1mFilterlist Load (0.3ms)[0m   [0mSELECT * FROM "filterlists" [0m
  [4;36;1mRsslist Load (0.5ms)[0m   [0;1mSELECT * FROM "rsslists" [0m
  [4;35;1mFilterlist Load (0.3ms)[0m   [0mSELECT * FROM "filterlists" [0m
  [4;36;1mRsslist Load (0.5ms)[0m   [0;1mSELECT * FROM "rsslists" [0m
  [4;35;1mFilterlist Load (0.3ms)[0m   [0mSELECT * FROM "filterlists" [0m
  [4;36;1mRsslist Load (0.4ms)[0m   [0;1mSELECT * FROM "rsslists" [0m
  [4;35;1mFilterlist Load (0.3ms)[0m   [0mSELECT * FROM "filterlists" [0m
  [4;36;1mRsslist Load (0.5ms)[0m   [0;1mSELECT * FROM "rsslists" [0m
  [4;35;1mFilterlist Load (0.3ms)[0m   [0mSELECT * FROM "filterlists" [0m
  [4;36;1mRsslist Load (0.4ms)[0m   [0;1mSELECT * FROM "rsslists" [0m
  [4;35;1mFilterlist Load (0.3ms)[0m   [0mSELECT * FROM "filterlists" [0m
  [4;36;1mRsslist Load (0.6ms)[0m   [0;1mSELECT * FROM "rsslists" [0m
  [4;35;1mFilterlist Load (0.3ms)[0m   [0mSELECT * FROM "filterlists" [0m
  [4;36;1mRsslist Load (0.5ms)[0m   [0;1mSELECT * FROM "rsslists" [0m
  [4;35;1mFilterlist Load (0.3ms)[0m   [0mSELECT * FROM "filterlists" [0m
  [4;36;1mRsslist Load (0.5ms)[0m   [0;1mSELECT * FROM "rsslists" [0m
  [4;35;1mFilterlist Load (0.3ms)[0m   [0mSELECT * FROM "filterlists" [0m
  [4;36;1mRsslist Load (0.5ms)[0m   [0;1mSELECT * FROM "rsslists" [0m
  [4;35;1mFilterlist Load (0.3ms)[0m   [0mSELECT * FROM "filterlists" [0m
  [4;36;1mRsslist Load (0.5ms)[0m   [0;1mSELECT * FROM "rsslists" [0m
  [4;35;1mFilterlist Load (0.3ms)[0m   [0mSELECT * FROM "filterlists" [0m
  [4;36;1mRsslist Load (0.6ms)[0m   [0;1mSELECT * FROM "rsslists" [0m
  [4;35;1mFilterlist Load (0.5ms)[0m   [0mSELECT * FROM "filterlists" [0m
  [4;36;1mRsslist Load (0.6ms)[0m   [0;1mSELECT * FROM "rsslists" [0m
  [4;35;1mFilterlist Load (0.3ms)[0m   [0mSELECT * FROM "filterlists" [0m
  [4;36;1mRsslist Load (0.6ms)[0m   [0;1mSELECT * FROM "rsslists" [0m
  [4;35;1mFilterlist Load (0.3ms)[0m   [0mSELECT * FROM "filterlists" [0m
  [4;36;1mRsslist Load (0.5ms)[0m   [0;1mSELECT * FROM "rsslists" [0m
  [4;35;1mFilterlist Load (0.3ms)[0m   [0mSELECT * FROM "filterlists" [0m
  [4;36;1mRsslist Load (0.6ms)[0m   [0;1mSELECT * FROM "rsslists" [0m
  [4;35;1mFilterlist Load (0.3ms)[0m   [0mSELECT * FROM "filterlists" [0m
  [4;36;1mRsslist Load (0.5ms)[0m   [0;1mSELECT * FROM "rsslists" [0m
  [4;35;1mFilterlist Load (0.3ms)[0m   [0mSELECT * FROM "filterlists" [0m
  [4;36;1mRsslist Load (0.5ms)[0m   [0;1mSELECT * FROM "rsslists" [0m
  [4;35;1mFilterlist Load (0.3ms)[0m   [0mSELECT * FROM "filterlists" [0m
  [4;36;1mRsslist Load (0.5ms)[0m   [0;1mSELECT * FROM "rsslists" [0m
  [4;35;1mFilterlist Load (0.3ms)[0m   [0mSELECT * FROM "filterlists" [0m
  [4;36;1mRsslist Load (0.5ms)[0m   [0;1mSELECT * FROM "rsslists" [0m
  [4;35;1mFilterlist Load (0.3ms)[0m   [0mSELECT * FROM "filterlists" [0m
  [4;36;1mRsslist Load (0.5ms)[0m   [0;1mSELECT * FROM "rsslists" [0m
  [4;35;1mFilterlist Load (0.3ms)[0m   [0mSELECT * FROM "filterlists" [0m
  [4;36;1mRsslist Load (0.5ms)[0m   [0;1mSELECT * FROM "rsslists" [0m
  [4;35;1mFilterlist Load (0.3ms)[0m   [0mSELECT * FROM "filterlists" [0m
  [4;36;1mRsslist Load (0.4ms)[0m   [0;1mSELECT * FROM "rsslists" [0m
  [4;35;1mFilterlist Load (0.2ms)[0m   [0mSELECT * FROM "filterlists" [0m
  [4;36;1mRsslist Load (0.5ms)[0m   [0;1mSELECT * FROM "rsslists" [0m
  [4;35;1mFilterlist Load (0.3ms)[0m   [0mSELECT * FROM "filterlists" [0m
  [4;36;1mRsslist Load (0.5ms)[0m   [0;1mSELECT * FROM "rsslists" [0m
  [4;35;1mFilterlist Load (0.3ms)[0m   [0mSELECT * FROM "filterlists" [0m
  [4;36;1mRsslist Load (0.5ms)[0m   [0;1mSELECT * FROM "rsslists" [0m
  [4;35;1mFilterlist Load (0.4ms)[0m   [0mSELECT * FROM "filterlists" [0m
  [4;36;1mRsslist Load (0.5ms)[0m   [0;1mSELECT * FROM "rsslists" [0m
  [4;35;1mFilterlist Load (0.6ms)[0m   [0mSELECT * FROM "filterlists" [0m
  [4;36;1mRsslist Load (0.5ms)[0m   [0;1mSELECT * FROM "rsslists" [0m
  [4;35;1mFilterlist Load (0.5ms)[0m   [0mSELECT * FROM "filterlists" [0m
  [4;36;1mRsslist Load (0.5ms)[0m   [0;1mSELECT * FROM "rsslists" [0m
  [4;35;1mFilterlist Load (0.5ms)[0m   [0mSELECT * FROM "filterlists" [0m
  [4;36;1mRsslist Load (0.5ms)[0m   [0;1mSELECT * FROM "rsslists" [0m
  [4;35;1mFilterlist Load (0.5ms)[0m   [0mSELECT * FROM "filterlists" [0m
  [4;36;1mRsslist Load (0.6ms)[0m   [0;1mSELECT * FROM "rsslists" [0m
  [4;35;1mFilterlist Load (0.6ms)[0m   [0mSELECT * FROM "filterlists" [0m
  [4;36;1mRsslist Load (0.5ms)[0m   [0;1mSELECT * FROM "rsslists" [0m
  [4;35;1mFilterlist Load (0.5ms)[0m   [0mSELECT * FROM "filterlists" [0m
  [4;36;1mRsslist Load (0.6ms)[0m   [0;1mSELECT * FROM "rsslists" [0m
  [4;35;1mFilterlist Load (0.3ms)[0m   [0mSELECT * FROM "filterlists" [0m
  [4;36;1mRsslist Load (0.5ms)[0m   [0;1mSELECT * FROM "rsslists" [0m
  [4;35;1mFilterlist Load (0.4ms)[0m   [0mSELECT * FROM "filterlists" [0m
  [4;36;1mRsslist Load (0.5ms)[0m   [0;1mSELECT * FROM "rsslists" [0m
  [4;35;1mFilterlist Load (0.5ms)[0m   [0mSELECT * FROM "filterlists" [0m
  [4;36;1mRsslist Load (0.5ms)[0m   [0;1mSELECT * FROM "rsslists" [0m
  [4;35;1mFilterlist Load (0.4ms)[0m   [0mSELECT * FROM "filterlists" [0m
  [4;36;1mRsslist Load (0.6ms)[0m   [0;1mSELECT * FROM "rsslists" [0m
  [4;35;1mFilterlist Load (0.6ms)[0m   [0mSELECT * FROM "filterlists" [0m
  [4;36;1mRsslist Load (1.5ms)[0m   [0;1mSELECT * FROM "rsslists" [0m
  [4;35;1mFilterlist Load (0.6ms)[0m   [0mSELECT * FROM "filterlists" [0m
  [4;36;1mRsslist Load (0.5ms)[0m   [0;1mSELECT * FROM "rsslists" [0m
  [4;35;1mFilterlist Load (0.5ms)[0m   [0mSELECT * FROM "filterlists" [0m
  [4;36;1mRsslist Load (0.5ms)[0m   [0;1mSELECT * FROM "rsslists" [0m
  [4;35;1mFilterlist Load (0.5ms)[0m   [0mSELECT * FROM "filterlists" [0m
  [4;36;1mRsslist Load (0.5ms)[0m   [0;1mSELECT * FROM "rsslists" [0m
  [4;35;1mFilterlist Load (0.5ms)[0m   [0mSELECT * FROM "filterlists" [0m
  [4;36;1mRsslist Load (0.6ms)[0m   [0;1mSELECT * FROM "rsslists" [0m
  [4;35;1mFilterlist Load (0.5ms)[0m   [0mSELECT * FROM "filterlists" [0m
  [4;36;1mRsslist Load (0.5ms)[0m   [0;1mSELECT * FROM "rsslists" [0m
  [4;35;1mFilterlist Load (0.5ms)[0m   [0mSELECT * FROM "filterlists" [0m
  [4;36;1mRsslist Load (0.5ms)[0m   [0;1mSELECT * FROM "rsslists" [0m
  [4;35;1mFilterlist Load (0.4ms)[0m   [0mSELECT * FROM "filterlists" [0m
  [4;36;1mRsslist Load (0.8ms)[0m   [0;1mSELECT * FROM "rsslists" [0m
  [4;35;1mFilterlist Load (0.6ms)[0m   [0mSELECT * FROM "filterlists" [0m
  [4;36;1mRsslist Load (0.5ms)[0m   [0;1mSELECT * FROM "rsslists" [0m
  [4;35;1mFilterlist Load (0.6ms)[0m   [0mSELECT * FROM "filterlists" [0m
  [4;36;1mRsslist Load (0.5ms)[0m   [0;1mSELECT * FROM "rsslists" [0m
  [4;35;1mFilterlist Load (0.3ms)[0m   [0mSELECT * FROM "filterlists" [0m
  [4;36;1mRsslist Load (0.5ms)[0m   [0;1mSELECT * FROM "rsslists" [0m
  [4;35;1mFilterlist Load (0.6ms)[0m   [0mSELECT * FROM "filterlists" [0m
  [4;36;1mRsslist Load (0.4ms)[0m   [0;1mSELECT * FROM "rsslists" [0m
  [4;35;1mFilterlist Load (0.4ms)[0m   [0mSELECT * FROM "filterlists" [0m
  [4;36;1mRsslist Load (0.5ms)[0m   [0;1mSELECT * FROM "rsslists" [0m
  [4;35;1mFilterlist Load (0.5ms)[0m   [0mSELECT * FROM "filterlists" [0m
  [4;36;1mRsslist Load (0.5ms)[0m   [0;1mSELECT * FROM "rsslists" [0m
  [4;35;1mFilterlist Load (0.4ms)[0m   [0mSELECT * FROM "filterlists" [0m
  [4;36;1mRsslist Load (0.5ms)[0m   [0;1mSELECT * FROM "rsslists" [0m
  [4;35;1mFilterlist Load (0.6ms)[0m   [0mSELECT * FROM "filterlists" [0m
  [4;36;1mRsslist Load (0.5ms)[0m   [0;1mSELECT * FROM "rsslists" [0m
  [4;35;1mFilterlist Load (0.5ms)[0m   [0mSELECT * FROM "filterlists" [0m
  [4;36;1mRsslist Load (0.5ms)[0m   [0;1mSELECT * FROM "rsslists" [0m
  [4;35;1mFilterlist Load (0.6ms)[0m   [0mSELECT * FROM "filterlists" [0m


Processing RsslistsController#index (for 192.168.0.10 at 2010-03-06 14:39:51) [GET]
  [4;36;1mRsslist Load (10.9ms)[0m   [0;1mSELECT * FROM "rsslists" [0m
Rendering template within layouts/application
Rendering rsslists/index
Completed in 525ms (View: 465, DB: 27) | 200 OK [http://0.0.0.0/rsslists]


Processing RsslistsController#new (for 192.168.0.10 at 2010-03-06 14:39:59) [GET]
Rendering template within layouts/application
Rendering rsslists/new
Completed in 129ms (View: 108, DB: 0) | 200 OK [http://0.0.0.0/rsslists/new]


Processing RsslistsController#create (for 192.168.0.10 at 2010-03-06 14:40:03) [POST]
  Parameters: {"commit"=>"Create", "authenticity_token"=>"K2EZ9D5i/t4yUZ1hUDFU1Enl7sC7iO8hrlCDmGE5xdk=", "rsslist"=>{"name"=>"ai,", "adress"=>"aie,cei"}}
  [4;35;1mRsslist Create (15.9ms)[0m   [0mINSERT INTO "rsslists" ("name", "created_at", "updated_at", "adress") VALUES('ai,', '2010-03-06 13:40:03', '2010-03-06 13:40:03', 'aie,cei')[0m
Redirected to http://0.0.0.0:3001/rsslists/2
Completed in 56ms (DB: 16) | 302 Found [http://0.0.0.0/rsslists]


Processing RsslistsController#show (for 192.168.0.10 at 2010-03-06 14:40:03) [GET]
  Parameters: {"id"=>"2"}
  [4;36;1mRsslist Load (0.3ms)[0m   [0;1mSELECT * FROM "rsslists" WHERE ("rsslists"."id" = 2) [0m
Rendering template within layouts/application
Rendering rsslists/show
Completed in 62ms (View: 47, DB: 0) | 200 OK [http://0.0.0.0/rsslists/2]


Processing RsslistsController#index (for 192.168.0.10 at 2010-03-06 14:40:04) [GET]
  [4;35;1mRsslist Load (0.6ms)[0m   [0mSELECT * FROM "rsslists" [0m
Rendering template within layouts/application
Rendering rsslists/index
Completed in 16ms (View: 10, DB: 1) | 200 OK [http://0.0.0.0/rsslists]


Processing HomeController#scan (for 192.168.0.10 at 2010-03-06 14:40:05) [GET]
  [4;36;1mRsslist Load (0.6ms)[0m   [0;1mSELECT * FROM "rsslists" [0m
  [4;35;1mFilterlist Load (0.3ms)[0m   [0mSELECT * FROM "filterlists" [0m
Rendering template within layouts/application
Rendering home/scan
Completed in 30ms (View: 20, DB: 1) | 200 OK [http://0.0.0.0/home/scan]
  [4;36;1mRsslist Load (0.6ms)[0m   [0;1mSELECT * FROM "rsslists" [0m
  [4;35;1mFilterlist Load (0.4ms)[0m   [0mSELECT * FROM "filterlists" [0m


Processing HomeController#scan (for 192.168.0.10 at 2010-03-06 14:43:58) [GET]
  [4;36;1mRsslist Load (0.8ms)[0m   [0;1mSELECT * FROM "rsslists" [0m
  [4;35;1mFilterlist Load (0.3ms)[0m   [0mSELECT * FROM "filterlists" [0m
Rendering template within layouts/application
Rendering home/scan
Completed in 628ms (View: 40, DB: 1) | 200 OK [http://0.0.0.0/home/scan]


Processing RsslistsController#index (for 192.168.0.10 at 2010-03-06 14:44:12) [GET]
  [4;36;1mRsslist Load (0.6ms)[0m   [0;1mSELECT * FROM "rsslists" [0m
Rendering template within layouts/application
Rendering rsslists/index
Completed in 146ms (View: 62, DB: 1) | 200 OK [http://0.0.0.0/rsslists]


Processing RsslistsController#destroy (for 192.168.0.10 at 2010-03-06 14:44:18) [DELETE]
  Parameters: {"authenticity_token"=>"K2EZ9D5i/t4yUZ1hUDFU1Enl7sC7iO8hrlCDmGE5xdk=", "id"=>"2"}
  [4;35;1mRsslist Load (0.2ms)[0m   [0mSELECT * FROM "rsslists" WHERE ("rsslists"."id" = 2) [0m
  [4;36;1mRsslist Destroy (0.4ms)[0m   [0;1mDELETE FROM "rsslists" WHERE "id" = 2[0m
Redirected to http://0.0.0.0:3001/rsslists
Completed in 11ms (DB: 1) | 302 Found [http://0.0.0.0/rsslists/2]


Processing RsslistsController#index (for 192.168.0.10 at 2010-03-06 14:44:18) [GET]
  [4;35;1mRsslist Load (0.5ms)[0m   [0mSELECT * FROM "rsslists" [0m
Rendering template within layouts/application
Rendering rsslists/index
Completed in 12ms (View: 6, DB: 1) | 200 OK [http://0.0.0.0/rsslists]
  [4;36;1mRsslist Load (0.5ms)[0m   [0;1mSELECT * FROM "rsslists" [0m
  [4;35;1mFilterlist Load (0.3ms)[0m   [0mSELECT * FROM "filterlists" [0m
  [4;36;1mRsslist Load (9.8ms)[0m   [0;1mSELECT * FROM "rsslists" [0m
  [4;35;1mFilterlist Load (0.4ms)[0m   [0mSELECT * FROM "filterlists" [0m
